2021-06-28 14:11:19,640:INFO:Initializing load_model()
2021-06-28 14:11:19,640:INFO:load_model(model_name=model/modelo-final, platform=None, authentication=None, verbose=True)
2021-06-28 14:12:22,334:INFO:Initializing load_model()
2021-06-28 14:12:22,334:INFO:load_model(model_name=model/modelo-final, platform=None, authentication=None, verbose=True)
2021-06-28 14:19:12,622:INFO:Initializing load_model()
2021-06-28 14:19:12,622:INFO:load_model(model_name=model/modelo-final, platform=None, authentication=None, verbose=True)
2021-06-28 14:23:24,774:INFO:Initializing load_model()
2021-06-28 14:23:24,774:INFO:load_model(model_name=model/modelo-final, platform=None, authentication=None, verbose=True)
2021-06-28 14:23:38,176:INFO:Initializing load_model()
2021-06-28 14:23:38,180:INFO:load_model(model_name=model/modelo-final, platform=None, authentication=None, verbose=True)
2021-06-28 14:23:51,114:INFO:Initializing load_model()
2021-06-28 14:23:51,114:INFO:load_model(model_name=model/modelo-final, platform=None, authentication=None, verbose=True)
2021-06-28 14:24:02,500:INFO:Initializing load_model()
2021-06-28 14:24:02,500:INFO:load_model(model_name=model/modelo-final, platform=None, authentication=None, verbose=True)
2021-06-28 14:24:15,028:INFO:Initializing load_model()
2021-06-28 14:24:15,032:INFO:load_model(model_name=model/modelo-final, platform=None, authentication=None, verbose=True)
2021-06-28 14:24:30,243:INFO:Initializing load_model()
2021-06-28 14:24:30,243:INFO:load_model(model_name=model/modelo-final, platform=None, authentication=None, verbose=True)
2021-06-28 14:24:31,955:INFO:Initializing load_model()
2021-06-28 14:24:31,959:INFO:load_model(model_name=model/modelo-final, platform=None, authentication=None, verbose=True)
2021-06-28 14:24:33,995:INFO:Initializing load_model()
2021-06-28 14:24:33,995:INFO:load_model(model_name=model/modelo-final, platform=None, authentication=None, verbose=True)
2021-06-28 14:24:47,043:INFO:Initializing load_model()
2021-06-28 14:24:47,043:INFO:load_model(model_name=model/modelo-final, platform=None, authentication=None, verbose=True)
2021-06-28 14:24:57,516:INFO:Initializing load_model()
2021-06-28 14:24:57,520:INFO:load_model(model_name=model/modelo-final, platform=None, authentication=None, verbose=True)
2021-06-28 14:25:21,030:INFO:Initializing load_model()
2021-06-28 14:25:21,030:INFO:load_model(model_name=model/modelo-final, platform=None, authentication=None, verbose=True)
2021-06-28 14:25:31,111:INFO:Initializing load_model()
2021-06-28 14:25:31,116:INFO:load_model(model_name=model/modelo-final, platform=None, authentication=None, verbose=True)
2021-06-28 14:25:47,574:INFO:Initializing load_model()
2021-06-28 14:25:47,574:INFO:load_model(model_name=model/modelo-final, platform=None, authentication=None, verbose=True)
2021-06-28 14:25:49,212:INFO:Initializing load_model()
2021-06-28 14:25:49,212:INFO:load_model(model_name=model/modelo-final, platform=None, authentication=None, verbose=True)
2021-06-28 14:25:49,480:INFO:Initializing predict_model()
2021-06-28 14:25:49,480:INFO:predict_model(estimator=Pipeline(steps=[('dtypes',
                 DataTypes_Auto_infer(ml_usecase='regression',
                                      numerical_features=['num_quartos',
                                                          'num_banheiros',
                                                          'garagem',
                                                          'num_andares',
                                                          'aceita_animais',
                                                          'mobilia'],
                                      target='valor_aluguel')),
                ('imputer',
                 Simple_Imputer(categorical_strategy='not_available',
                                fill_value_categorical=None,
                                fill_value_numerical=None,
                                numeric_strategy='mean',
                                target_vari...
                ('binn', 'passthrough'), ('rem_outliers', 'passthrough'),
                ('cluster_all', 'passthrough'),
                ('dummy', Dummify(target='valor_aluguel')),
                ('fix_perfect', Remove_100(target='valor_aluguel')),
                ('clean_names', Clean_Colum_Names()),
                ('feature_select', 'passthrough'), ('fix_multi', 'passthrough'),
                ('dfs', 'passthrough'), ('pca', 'passthrough'),
                ['trained_model',
                 <catboost.core.CatBoostRegressor object at 0x00000186C698D520>]]), probability_threshold=None, encoded_labels=True, round=4, verbose=True, ml_usecase=MLUsecase.REGRESSION, display=None)
2021-06-28 14:25:49,480:INFO:Checking exceptions
2021-06-28 14:25:49,480:INFO:Preloading libraries
2021-06-28 14:28:01,290:INFO:Initializing load_model()
2021-06-28 14:28:01,294:INFO:load_model(model_name=model/modelo-final, platform=None, authentication=None, verbose=True)
2021-06-28 14:28:01,354:INFO:Initializing predict_model()
2021-06-28 14:28:01,354:INFO:predict_model(estimator=Pipeline(steps=[('dtypes',
                 DataTypes_Auto_infer(ml_usecase='regression',
                                      numerical_features=['num_quartos',
                                                          'num_banheiros',
                                                          'garagem',
                                                          'num_andares',
                                                          'aceita_animais',
                                                          'mobilia'],
                                      target='valor_aluguel')),
                ('imputer',
                 Simple_Imputer(categorical_strategy='not_available',
                                fill_value_categorical=None,
                                fill_value_numerical=None,
                                numeric_strategy='mean',
                                target_vari...
                ('binn', 'passthrough'), ('rem_outliers', 'passthrough'),
                ('cluster_all', 'passthrough'),
                ('dummy', Dummify(target='valor_aluguel')),
                ('fix_perfect', Remove_100(target='valor_aluguel')),
                ('clean_names', Clean_Colum_Names()),
                ('feature_select', 'passthrough'), ('fix_multi', 'passthrough'),
                ('dfs', 'passthrough'), ('pca', 'passthrough'),
                ['trained_model',
                 <catboost.core.CatBoostRegressor object at 0x00000186C6B1FA90>]]), probability_threshold=None, encoded_labels=True, round=4, verbose=True, ml_usecase=MLUsecase.REGRESSION, display=None)
2021-06-28 14:28:01,354:INFO:Checking exceptions
2021-06-28 14:28:01,354:INFO:Preloading libraries
2021-06-28 14:39:27,477:INFO:Initializing load_model()
2021-06-28 14:39:27,478:INFO:load_model(model_name=model/modelo-final, platform=None, authentication=None, verbose=True)
2021-06-28 14:40:35,748:INFO:Initializing load_model()
2021-06-28 14:40:35,748:INFO:load_model(model_name=model/modelo-final, platform=None, authentication=None, verbose=True)
2021-06-28 14:40:37,071:INFO:Initializing load_model()
2021-06-28 14:40:37,071:INFO:load_model(model_name=model/modelo-final, platform=None, authentication=None, verbose=True)
2021-06-28 14:40:37,759:INFO:Initializing load_model()
2021-06-28 14:40:37,759:INFO:load_model(model_name=model/modelo-final, platform=None, authentication=None, verbose=True)
2021-06-28 14:40:38,428:INFO:Initializing load_model()
2021-06-28 14:40:38,428:INFO:load_model(model_name=model/modelo-final, platform=None, authentication=None, verbose=True)
2021-06-28 14:40:38,564:INFO:Initializing load_model()
2021-06-28 14:40:38,564:INFO:load_model(model_name=model/modelo-final, platform=None, authentication=None, verbose=True)
2021-06-28 14:40:39,729:INFO:Initializing load_model()
2021-06-28 14:40:39,729:INFO:load_model(model_name=model/modelo-final, platform=None, authentication=None, verbose=True)
2021-06-28 14:40:39,861:INFO:Initializing load_model()
2021-06-28 14:40:39,861:INFO:load_model(model_name=model/modelo-final, platform=None, authentication=None, verbose=True)
2021-06-28 14:40:40,997:INFO:Initializing load_model()
2021-06-28 14:40:40,997:INFO:load_model(model_name=model/modelo-final, platform=None, authentication=None, verbose=True)
2021-06-28 14:40:41,133:INFO:Initializing load_model()
2021-06-28 14:40:41,133:INFO:load_model(model_name=model/modelo-final, platform=None, authentication=None, verbose=True)
2021-06-28 14:40:42,251:INFO:Initializing load_model()
2021-06-28 14:40:42,251:INFO:load_model(model_name=model/modelo-final, platform=None, authentication=None, verbose=True)
2021-06-28 14:40:42,379:INFO:Initializing load_model()
2021-06-28 14:40:42,379:INFO:load_model(model_name=model/modelo-final, platform=None, authentication=None, verbose=True)
2021-06-28 14:40:43,520:INFO:Initializing load_model()
2021-06-28 14:40:43,520:INFO:load_model(model_name=model/modelo-final, platform=None, authentication=None, verbose=True)
2021-06-28 14:40:43,652:INFO:Initializing load_model()
2021-06-28 14:40:43,652:INFO:load_model(model_name=model/modelo-final, platform=None, authentication=None, verbose=True)
2021-06-28 14:40:44,789:INFO:Initializing load_model()
2021-06-28 14:40:44,789:INFO:load_model(model_name=model/modelo-final, platform=None, authentication=None, verbose=True)
2021-06-28 14:40:44,917:INFO:Initializing load_model()
2021-06-28 14:40:44,917:INFO:load_model(model_name=model/modelo-final, platform=None, authentication=None, verbose=True)
2021-06-28 14:40:46,073:INFO:Initializing load_model()
2021-06-28 14:40:46,073:INFO:load_model(model_name=model/modelo-final, platform=None, authentication=None, verbose=True)
2021-06-28 14:40:46,205:INFO:Initializing load_model()
2021-06-28 14:40:46,205:INFO:load_model(model_name=model/modelo-final, platform=None, authentication=None, verbose=True)
2021-06-28 14:40:47,353:INFO:Initializing load_model()
2021-06-28 14:40:47,357:INFO:load_model(model_name=model/modelo-final, platform=None, authentication=None, verbose=True)
2021-06-28 14:40:47,493:INFO:Initializing load_model()
2021-06-28 14:40:47,493:INFO:load_model(model_name=model/modelo-final, platform=None, authentication=None, verbose=True)
2021-06-28 14:40:50,036:INFO:Initializing load_model()
2021-06-28 14:40:50,036:INFO:load_model(model_name=model/modelo-final, platform=None, authentication=None, verbose=True)
2021-06-28 14:40:50,788:INFO:Initializing load_model()
2021-06-28 14:40:50,788:INFO:load_model(model_name=model/modelo-final, platform=None, authentication=None, verbose=True)
2021-06-28 14:40:51,789:INFO:Initializing load_model()
2021-06-28 14:40:51,789:INFO:load_model(model_name=model/modelo-final, platform=None, authentication=None, verbose=True)
2021-06-28 14:40:52,517:INFO:Initializing load_model()
2021-06-28 14:40:52,517:INFO:load_model(model_name=model/modelo-final, platform=None, authentication=None, verbose=True)
2021-06-28 14:40:52,657:INFO:Initializing load_model()
2021-06-28 14:40:52,657:INFO:load_model(model_name=model/modelo-final, platform=None, authentication=None, verbose=True)
2021-06-28 14:40:53,868:INFO:Initializing load_model()
2021-06-28 14:40:53,868:INFO:load_model(model_name=model/modelo-final, platform=None, authentication=None, verbose=True)
2021-06-28 14:40:53,992:INFO:Initializing load_model()
2021-06-28 14:40:53,992:INFO:load_model(model_name=model/modelo-final, platform=None, authentication=None, verbose=True)
2021-06-28 14:40:55,156:INFO:Initializing load_model()
2021-06-28 14:40:55,160:INFO:load_model(model_name=model/modelo-final, platform=None, authentication=None, verbose=True)
2021-06-28 14:40:55,280:INFO:Initializing load_model()
2021-06-28 14:40:55,280:INFO:load_model(model_name=model/modelo-final, platform=None, authentication=None, verbose=True)
2021-06-28 14:40:56,393:INFO:Initializing load_model()
2021-06-28 14:40:56,393:INFO:load_model(model_name=model/modelo-final, platform=None, authentication=None, verbose=True)
2021-06-28 14:40:56,525:INFO:Initializing load_model()
2021-06-28 14:40:56,525:INFO:load_model(model_name=model/modelo-final, platform=None, authentication=None, verbose=True)
2021-06-28 14:40:57,633:INFO:Initializing load_model()
2021-06-28 14:40:57,633:INFO:load_model(model_name=model/modelo-final, platform=None, authentication=None, verbose=True)
2021-06-28 14:40:57,761:INFO:Initializing load_model()
2021-06-28 14:40:57,761:INFO:load_model(model_name=model/modelo-final, platform=None, authentication=None, verbose=True)
2021-06-28 14:40:58,873:INFO:Initializing load_model()
2021-06-28 14:40:58,877:INFO:load_model(model_name=model/modelo-final, platform=None, authentication=None, verbose=True)
2021-06-28 14:40:59,017:INFO:Initializing load_model()
2021-06-28 14:40:59,017:INFO:load_model(model_name=model/modelo-final, platform=None, authentication=None, verbose=True)
2021-06-28 14:41:00,193:INFO:Initializing load_model()
2021-06-28 14:41:00,197:INFO:load_model(model_name=model/modelo-final, platform=None, authentication=None, verbose=True)
2021-06-28 14:41:00,861:INFO:Initializing load_model()
2021-06-28 14:41:00,861:INFO:load_model(model_name=model/modelo-final, platform=None, authentication=None, verbose=True)
2021-06-28 14:41:01,517:INFO:Initializing load_model()
2021-06-28 14:41:01,517:INFO:load_model(model_name=model/modelo-final, platform=None, authentication=None, verbose=True)
2021-06-28 14:41:01,654:INFO:Initializing load_model()
2021-06-28 14:41:01,654:INFO:load_model(model_name=model/modelo-final, platform=None, authentication=None, verbose=True)
2021-06-28 14:41:02,798:INFO:Initializing load_model()
2021-06-28 14:41:02,798:INFO:load_model(model_name=model/modelo-final, platform=None, authentication=None, verbose=True)
2021-06-28 14:41:02,930:INFO:Initializing load_model()
2021-06-28 14:41:02,930:INFO:load_model(model_name=model/modelo-final, platform=None, authentication=None, verbose=True)
2021-06-28 14:41:04,055:INFO:Initializing load_model()
2021-06-28 14:41:04,055:INFO:load_model(model_name=model/modelo-final, platform=None, authentication=None, verbose=True)
2021-06-28 14:41:04,185:INFO:Initializing load_model()
2021-06-28 14:41:04,185:INFO:load_model(model_name=model/modelo-final, platform=None, authentication=None, verbose=True)
2021-06-28 14:41:05,305:INFO:Initializing load_model()
2021-06-28 14:41:05,315:INFO:load_model(model_name=model/modelo-final, platform=None, authentication=None, verbose=True)
2021-06-28 14:41:05,445:INFO:Initializing load_model()
2021-06-28 14:41:05,445:INFO:load_model(model_name=model/modelo-final, platform=None, authentication=None, verbose=True)
2021-06-28 14:41:06,600:INFO:Initializing load_model()
2021-06-28 14:41:06,600:INFO:load_model(model_name=model/modelo-final, platform=None, authentication=None, verbose=True)
2021-06-28 14:41:06,725:INFO:Initializing load_model()
2021-06-28 14:41:06,725:INFO:load_model(model_name=model/modelo-final, platform=None, authentication=None, verbose=True)
2021-06-28 14:41:07,865:INFO:Initializing load_model()
2021-06-28 14:41:07,865:INFO:load_model(model_name=model/modelo-final, platform=None, authentication=None, verbose=True)
2021-06-28 14:41:08,005:INFO:Initializing load_model()
2021-06-28 14:41:08,005:INFO:load_model(model_name=model/modelo-final, platform=None, authentication=None, verbose=True)
2021-06-28 14:41:09,185:INFO:Initializing load_model()
2021-06-28 14:41:09,185:INFO:load_model(model_name=model/modelo-final, platform=None, authentication=None, verbose=True)
2021-06-28 14:41:09,325:INFO:Initializing load_model()
2021-06-28 14:41:09,325:INFO:load_model(model_name=model/modelo-final, platform=None, authentication=None, verbose=True)
2021-06-28 14:41:10,485:INFO:Initializing load_model()
2021-06-28 14:41:10,485:INFO:load_model(model_name=model/modelo-final, platform=None, authentication=None, verbose=True)
2021-06-28 14:41:10,625:INFO:Initializing load_model()
2021-06-28 14:41:10,625:INFO:load_model(model_name=model/modelo-final, platform=None, authentication=None, verbose=True)
2021-06-28 14:41:11,775:INFO:Initializing load_model()
2021-06-28 14:41:11,775:INFO:load_model(model_name=model/modelo-final, platform=None, authentication=None, verbose=True)
2021-06-28 14:41:11,918:INFO:Initializing load_model()
2021-06-28 14:41:11,919:INFO:load_model(model_name=model/modelo-final, platform=None, authentication=None, verbose=True)
2021-06-28 14:41:13,035:INFO:Initializing load_model()
2021-06-28 14:41:13,035:INFO:load_model(model_name=model/modelo-final, platform=None, authentication=None, verbose=True)
2021-06-28 14:41:13,175:INFO:Initializing load_model()
2021-06-28 14:41:13,175:INFO:load_model(model_name=model/modelo-final, platform=None, authentication=None, verbose=True)
2021-06-28 14:41:14,295:INFO:Initializing load_model()
2021-06-28 14:41:14,295:INFO:load_model(model_name=model/modelo-final, platform=None, authentication=None, verbose=True)
2021-06-28 14:41:14,435:INFO:Initializing load_model()
2021-06-28 14:41:14,435:INFO:load_model(model_name=model/modelo-final, platform=None, authentication=None, verbose=True)
2021-06-28 14:41:15,595:INFO:Initializing load_model()
2021-06-28 14:41:15,595:INFO:load_model(model_name=model/modelo-final, platform=None, authentication=None, verbose=True)
2021-06-28 14:41:15,735:INFO:Initializing load_model()
2021-06-28 14:41:15,735:INFO:load_model(model_name=model/modelo-final, platform=None, authentication=None, verbose=True)
2021-06-28 14:41:16,865:INFO:Initializing load_model()
2021-06-28 14:41:16,865:INFO:load_model(model_name=model/modelo-final, platform=None, authentication=None, verbose=True)
2021-06-28 14:41:16,995:INFO:Initializing load_model()
2021-06-28 14:41:16,995:INFO:load_model(model_name=model/modelo-final, platform=None, authentication=None, verbose=True)
2021-06-28 14:41:18,165:INFO:Initializing load_model()
2021-06-28 14:41:18,165:INFO:load_model(model_name=model/modelo-final, platform=None, authentication=None, verbose=True)
2021-06-28 14:41:18,300:INFO:Initializing load_model()
2021-06-28 14:41:18,300:INFO:load_model(model_name=model/modelo-final, platform=None, authentication=None, verbose=True)
2021-06-28 14:41:19,455:INFO:Initializing load_model()
2021-06-28 14:41:19,455:INFO:load_model(model_name=model/modelo-final, platform=None, authentication=None, verbose=True)
2021-06-28 14:41:19,584:INFO:Initializing load_model()
2021-06-28 14:41:19,589:INFO:load_model(model_name=model/modelo-final, platform=None, authentication=None, verbose=True)
2021-06-28 14:41:20,718:INFO:Initializing load_model()
2021-06-28 14:41:20,718:INFO:load_model(model_name=model/modelo-final, platform=None, authentication=None, verbose=True)
2021-06-28 14:41:20,845:INFO:Initializing load_model()
2021-06-28 14:41:20,845:INFO:load_model(model_name=model/modelo-final, platform=None, authentication=None, verbose=True)
2021-06-28 14:41:21,965:INFO:Initializing load_model()
2021-06-28 14:41:21,965:INFO:load_model(model_name=model/modelo-final, platform=None, authentication=None, verbose=True)
2021-06-28 14:41:22,105:INFO:Initializing load_model()
2021-06-28 14:41:22,105:INFO:load_model(model_name=model/modelo-final, platform=None, authentication=None, verbose=True)
2021-06-28 14:41:23,265:INFO:Initializing load_model()
2021-06-28 14:41:23,265:INFO:load_model(model_name=model/modelo-final, platform=None, authentication=None, verbose=True)
2021-06-28 14:41:23,415:INFO:Initializing load_model()
2021-06-28 14:41:23,415:INFO:load_model(model_name=model/modelo-final, platform=None, authentication=None, verbose=True)
2021-06-28 14:42:54,537:INFO:Initializing load_model()
2021-06-28 14:42:54,537:INFO:load_model(model_name=model/modelo-final, platform=None, authentication=None, verbose=True)
2021-06-28 14:42:58,416:INFO:Initializing load_model()
2021-06-28 14:42:58,420:INFO:load_model(model_name=model/modelo-final, platform=None, authentication=None, verbose=True)
2021-06-28 14:42:59,219:INFO:Initializing load_model()
2021-06-28 14:42:59,223:INFO:load_model(model_name=model/modelo-final, platform=None, authentication=None, verbose=True)
2021-06-28 14:43:02,457:INFO:Initializing load_model()
2021-06-28 14:43:02,457:INFO:load_model(model_name=model/modelo-final, platform=None, authentication=None, verbose=True)
2021-06-28 14:43:03,208:INFO:Initializing load_model()
2021-06-28 14:43:03,208:INFO:load_model(model_name=model/modelo-final, platform=None, authentication=None, verbose=True)
2021-06-28 14:43:03,977:INFO:Initializing load_model()
2021-06-28 14:43:03,977:INFO:load_model(model_name=model/modelo-final, platform=None, authentication=None, verbose=True)
2021-06-28 14:43:04,656:INFO:Initializing load_model()
2021-06-28 14:43:04,656:INFO:load_model(model_name=model/modelo-final, platform=None, authentication=None, verbose=True)
2021-06-28 14:43:04,785:INFO:Initializing load_model()
2021-06-28 14:43:04,785:INFO:load_model(model_name=model/modelo-final, platform=None, authentication=None, verbose=True)
2021-06-28 14:43:05,917:INFO:Initializing load_model()
2021-06-28 14:43:05,917:INFO:load_model(model_name=model/modelo-final, platform=None, authentication=None, verbose=True)
2021-06-28 14:43:06,053:INFO:Initializing load_model()
2021-06-28 14:43:06,053:INFO:load_model(model_name=model/modelo-final, platform=None, authentication=None, verbose=True)
2021-06-28 14:43:07,363:INFO:Initializing load_model()
2021-06-28 14:43:07,363:INFO:load_model(model_name=model/modelo-final, platform=None, authentication=None, verbose=True)
2021-06-28 14:43:08,011:INFO:Initializing load_model()
2021-06-28 14:43:08,011:INFO:load_model(model_name=model/modelo-final, platform=None, authentication=None, verbose=True)
2021-06-28 14:43:08,689:INFO:Initializing load_model()
2021-06-28 14:43:08,689:INFO:load_model(model_name=model/modelo-final, platform=None, authentication=None, verbose=True)
2021-06-28 14:43:09,356:INFO:Initializing load_model()
2021-06-28 14:43:09,356:INFO:load_model(model_name=model/modelo-final, platform=None, authentication=None, verbose=True)
2021-06-28 14:43:10,008:INFO:Initializing load_model()
2021-06-28 14:43:10,008:INFO:load_model(model_name=model/modelo-final, platform=None, authentication=None, verbose=True)
2021-06-28 14:43:10,654:INFO:Initializing load_model()
2021-06-28 14:43:10,654:INFO:load_model(model_name=model/modelo-final, platform=None, authentication=None, verbose=True)
2021-06-28 14:43:10,793:INFO:Initializing load_model()
2021-06-28 14:43:10,793:INFO:load_model(model_name=model/modelo-final, platform=None, authentication=None, verbose=True)
2021-06-28 14:43:11,949:INFO:Initializing load_model()
2021-06-28 14:43:11,953:INFO:load_model(model_name=model/modelo-final, platform=None, authentication=None, verbose=True)
2021-06-28 14:43:12,089:INFO:Initializing load_model()
2021-06-28 14:43:12,089:INFO:load_model(model_name=model/modelo-final, platform=None, authentication=None, verbose=True)
2021-06-28 14:43:13,828:INFO:Initializing load_model()
2021-06-28 14:43:13,828:INFO:load_model(model_name=model/modelo-final, platform=None, authentication=None, verbose=True)
2021-06-28 14:43:14,570:INFO:Initializing load_model()
2021-06-28 14:43:14,570:INFO:load_model(model_name=model/modelo-final, platform=None, authentication=None, verbose=True)
2021-06-28 14:43:14,718:INFO:Initializing load_model()
2021-06-28 14:43:14,718:INFO:load_model(model_name=model/modelo-final, platform=None, authentication=None, verbose=True)
2021-06-28 14:43:16,014:INFO:Initializing load_model()
2021-06-28 14:43:16,014:INFO:load_model(model_name=model/modelo-final, platform=None, authentication=None, verbose=True)
2021-06-28 14:43:16,169:INFO:Initializing load_model()
2021-06-28 14:43:16,173:INFO:load_model(model_name=model/modelo-final, platform=None, authentication=None, verbose=True)
2021-06-28 14:43:17,461:INFO:Initializing load_model()
2021-06-28 14:43:17,461:INFO:load_model(model_name=model/modelo-final, platform=None, authentication=None, verbose=True)
2021-06-28 14:43:17,593:INFO:Initializing load_model()
2021-06-28 14:43:17,597:INFO:load_model(model_name=model/modelo-final, platform=None, authentication=None, verbose=True)
2021-06-28 14:43:18,711:INFO:Initializing load_model()
2021-06-28 14:43:18,715:INFO:load_model(model_name=model/modelo-final, platform=None, authentication=None, verbose=True)
2021-06-28 14:43:18,852:INFO:Initializing load_model()
2021-06-28 14:43:18,852:INFO:load_model(model_name=model/modelo-final, platform=None, authentication=None, verbose=True)
2021-06-28 14:43:19,995:INFO:Initializing load_model()
2021-06-28 14:43:19,995:INFO:load_model(model_name=model/modelo-final, platform=None, authentication=None, verbose=True)
2021-06-28 14:43:20,132:INFO:Initializing load_model()
2021-06-28 14:43:20,132:INFO:load_model(model_name=model/modelo-final, platform=None, authentication=None, verbose=True)
2021-06-28 14:43:21,285:INFO:Initializing load_model()
2021-06-28 14:43:21,285:INFO:load_model(model_name=model/modelo-final, platform=None, authentication=None, verbose=True)
2021-06-28 14:43:21,417:INFO:Initializing load_model()
2021-06-28 14:43:21,417:INFO:load_model(model_name=model/modelo-final, platform=None, authentication=None, verbose=True)
2021-06-28 14:43:22,561:INFO:Initializing load_model()
2021-06-28 14:43:22,561:INFO:load_model(model_name=model/modelo-final, platform=None, authentication=None, verbose=True)
2021-06-28 14:43:22,694:INFO:Initializing load_model()
2021-06-28 14:43:22,694:INFO:load_model(model_name=model/modelo-final, platform=None, authentication=None, verbose=True)
2021-06-28 14:43:23,814:INFO:Initializing load_model()
2021-06-28 14:43:23,814:INFO:load_model(model_name=model/modelo-final, platform=None, authentication=None, verbose=True)
2021-06-28 14:43:23,946:INFO:Initializing load_model()
2021-06-28 14:43:23,946:INFO:load_model(model_name=model/modelo-final, platform=None, authentication=None, verbose=True)
2021-06-28 14:45:02,172:INFO:Initializing load_model()
2021-06-28 14:45:02,172:INFO:load_model(model_name=model/modelo-final, platform=None, authentication=None, verbose=True)
2021-06-28 14:45:51,742:INFO:Initializing load_model()
2021-06-28 14:45:51,742:INFO:load_model(model_name=model/modelo-final, platform=None, authentication=None, verbose=True)
2021-06-28 14:45:55,200:INFO:Initializing load_model()
2021-06-28 14:45:55,200:INFO:load_model(model_name=model/modelo-final, platform=None, authentication=None, verbose=True)
2021-06-28 14:45:55,937:INFO:Initializing load_model()
2021-06-28 14:45:55,937:INFO:load_model(model_name=model/modelo-final, platform=None, authentication=None, verbose=True)
2021-06-28 14:45:56,605:INFO:Initializing load_model()
2021-06-28 14:45:56,605:INFO:load_model(model_name=model/modelo-final, platform=None, authentication=None, verbose=True)
2021-06-28 14:45:57,277:INFO:Initializing load_model()
2021-06-28 14:45:57,277:INFO:load_model(model_name=model/modelo-final, platform=None, authentication=None, verbose=True)
2021-06-28 14:45:57,406:INFO:Initializing load_model()
2021-06-28 14:45:57,410:INFO:load_model(model_name=model/modelo-final, platform=None, authentication=None, verbose=True)
2021-06-28 14:45:58,562:INFO:Initializing load_model()
2021-06-28 14:45:58,562:INFO:load_model(model_name=model/modelo-final, platform=None, authentication=None, verbose=True)
2021-06-28 14:45:58,703:INFO:Initializing load_model()
2021-06-28 14:45:58,703:INFO:load_model(model_name=model/modelo-final, platform=None, authentication=None, verbose=True)
2021-06-28 14:45:59,847:INFO:Initializing load_model()
2021-06-28 14:45:59,851:INFO:load_model(model_name=model/modelo-final, platform=None, authentication=None, verbose=True)
2021-06-28 14:45:59,983:INFO:Initializing load_model()
2021-06-28 14:45:59,983:INFO:load_model(model_name=model/modelo-final, platform=None, authentication=None, verbose=True)
2021-06-28 14:46:01,114:INFO:Initializing load_model()
2021-06-28 14:46:01,115:INFO:load_model(model_name=model/modelo-final, platform=None, authentication=None, verbose=True)
2021-06-28 14:46:01,251:INFO:Initializing load_model()
2021-06-28 14:46:01,251:INFO:load_model(model_name=model/modelo-final, platform=None, authentication=None, verbose=True)
2021-06-28 14:46:02,396:INFO:Initializing load_model()
2021-06-28 14:46:02,396:INFO:load_model(model_name=model/modelo-final, platform=None, authentication=None, verbose=True)
2021-06-28 14:46:02,532:INFO:Initializing load_model()
2021-06-28 14:46:02,532:INFO:load_model(model_name=model/modelo-final, platform=None, authentication=None, verbose=True)
2021-06-28 14:46:03,700:INFO:Initializing load_model()
2021-06-28 14:46:03,700:INFO:load_model(model_name=model/modelo-final, platform=None, authentication=None, verbose=True)
2021-06-28 14:46:03,848:INFO:Initializing load_model()
2021-06-28 14:46:03,848:INFO:load_model(model_name=model/modelo-final, platform=None, authentication=None, verbose=True)
2021-06-28 14:46:05,012:INFO:Initializing load_model()
2021-06-28 14:46:05,012:INFO:load_model(model_name=model/modelo-final, platform=None, authentication=None, verbose=True)
2021-06-28 14:46:05,156:INFO:Initializing load_model()
2021-06-28 14:46:05,156:INFO:load_model(model_name=model/modelo-final, platform=None, authentication=None, verbose=True)
2021-06-28 14:46:06,296:INFO:Initializing load_model()
2021-06-28 14:46:06,296:INFO:load_model(model_name=model/modelo-final, platform=None, authentication=None, verbose=True)
2021-06-28 14:46:27,938:INFO:Initializing load_model()
2021-06-28 14:46:27,938:INFO:load_model(model_name=model/modelo-final, platform=None, authentication=None, verbose=True)
2021-06-28 14:46:28,638:INFO:Initializing load_model()
2021-06-28 14:46:28,638:INFO:load_model(model_name=model/modelo-final, platform=None, authentication=None, verbose=True)
2021-06-28 14:49:35,956:INFO:Initializing load_model()
2021-06-28 14:49:35,956:INFO:load_model(model_name=model/modelo-final, platform=None, authentication=None, verbose=True)
2021-06-28 14:50:17,595:INFO:Initializing load_model()
2021-06-28 14:50:17,595:INFO:load_model(model_name=model/modelo-final, platform=None, authentication=None, verbose=True)
2021-06-28 14:50:20,967:INFO:Initializing load_model()
2021-06-28 14:50:20,967:INFO:load_model(model_name=model/modelo-final, platform=None, authentication=None, verbose=True)
2021-06-28 14:50:21,689:INFO:Initializing load_model()
2021-06-28 14:50:21,689:INFO:load_model(model_name=model/modelo-final, platform=None, authentication=None, verbose=True)
2021-06-28 14:50:24,805:INFO:Initializing load_model()
2021-06-28 14:50:24,805:INFO:load_model(model_name=model/modelo-final, platform=None, authentication=None, verbose=True)
2021-06-28 14:50:25,530:INFO:Initializing load_model()
2021-06-28 14:50:25,530:INFO:load_model(model_name=model/modelo-final, platform=None, authentication=None, verbose=True)
2021-06-28 14:50:25,666:INFO:Initializing load_model()
2021-06-28 14:50:25,666:INFO:load_model(model_name=model/modelo-final, platform=None, authentication=None, verbose=True)
2021-06-28 14:50:26,826:INFO:Initializing load_model()
2021-06-28 14:50:26,830:INFO:load_model(model_name=model/modelo-final, platform=None, authentication=None, verbose=True)
2021-06-28 14:50:26,974:INFO:Initializing load_model()
2021-06-28 14:50:26,974:INFO:load_model(model_name=model/modelo-final, platform=None, authentication=None, verbose=True)
2021-06-28 14:50:28,142:INFO:Initializing load_model()
2021-06-28 14:50:28,142:INFO:load_model(model_name=model/modelo-final, platform=None, authentication=None, verbose=True)
2021-06-28 15:00:18,982:INFO:Initializing load_model()
2021-06-28 15:00:18,983:INFO:load_model(model_name=model/modelo-final, platform=None, authentication=None, verbose=True)
2021-06-28 15:00:21,380:INFO:Initializing load_model()
2021-06-28 15:00:21,381:INFO:load_model(model_name=model/modelo-final, platform=None, authentication=None, verbose=True)
2021-06-28 15:01:14,939:INFO:Initializing load_model()
2021-06-28 15:01:14,941:INFO:load_model(model_name=model/modelo-final, platform=None, authentication=None, verbose=True)
2021-06-28 15:02:05,827:INFO:Initializing load_model()
2021-06-28 15:02:05,828:INFO:load_model(model_name=model/modelo-final, platform=None, authentication=None, verbose=True)
2021-06-28 15:03:27,094:INFO:Initializing load_model()
2021-06-28 15:03:27,094:INFO:load_model(model_name=model/modelo-final, platform=None, authentication=None, verbose=True)
2021-06-28 15:03:30,530:INFO:Initializing load_model()
2021-06-28 15:03:30,531:INFO:load_model(model_name=model/modelo-final, platform=None, authentication=None, verbose=True)
2021-06-28 15:03:31,255:INFO:Initializing load_model()
2021-06-28 15:03:31,256:INFO:load_model(model_name=model/modelo-final, platform=None, authentication=None, verbose=True)
2021-06-28 15:03:31,940:INFO:Initializing load_model()
2021-06-28 15:03:31,941:INFO:load_model(model_name=model/modelo-final, platform=None, authentication=None, verbose=True)
2021-06-28 15:03:32,073:INFO:Initializing load_model()
2021-06-28 15:03:32,073:INFO:load_model(model_name=model/modelo-final, platform=None, authentication=None, verbose=True)
2021-06-28 15:03:33,217:INFO:Initializing load_model()
2021-06-28 15:03:33,218:INFO:load_model(model_name=model/modelo-final, platform=None, authentication=None, verbose=True)
2021-06-28 15:03:33,353:INFO:Initializing load_model()
2021-06-28 15:03:33,354:INFO:load_model(model_name=model/modelo-final, platform=None, authentication=None, verbose=True)
2021-06-28 15:03:34,500:INFO:Initializing load_model()
2021-06-28 15:03:34,501:INFO:load_model(model_name=model/modelo-final, platform=None, authentication=None, verbose=True)
2021-06-28 15:03:34,642:INFO:Initializing load_model()
2021-06-28 15:03:34,642:INFO:load_model(model_name=model/modelo-final, platform=None, authentication=None, verbose=True)
2021-06-28 15:03:35,797:INFO:Initializing load_model()
2021-06-28 15:03:35,798:INFO:load_model(model_name=model/modelo-final, platform=None, authentication=None, verbose=True)
2021-06-28 15:03:35,938:INFO:Initializing load_model()
2021-06-28 15:03:35,939:INFO:load_model(model_name=model/modelo-final, platform=None, authentication=None, verbose=True)
2021-06-28 15:03:37,082:INFO:Initializing load_model()
2021-06-28 15:03:37,083:INFO:load_model(model_name=model/modelo-final, platform=None, authentication=None, verbose=True)
2021-06-28 15:03:37,218:INFO:Initializing load_model()
2021-06-28 15:03:37,218:INFO:load_model(model_name=model/modelo-final, platform=None, authentication=None, verbose=True)
2021-06-28 15:03:38,342:INFO:Initializing load_model()
2021-06-28 15:03:38,343:INFO:load_model(model_name=model/modelo-final, platform=None, authentication=None, verbose=True)
2021-06-28 15:03:39,003:INFO:Initializing load_model()
2021-06-28 15:03:39,004:INFO:load_model(model_name=model/modelo-final, platform=None, authentication=None, verbose=True)
2021-06-28 15:03:39,145:INFO:Initializing load_model()
2021-06-28 15:03:39,145:INFO:load_model(model_name=model/modelo-final, platform=None, authentication=None, verbose=True)
2021-06-28 15:03:40,277:INFO:Initializing load_model()
2021-06-28 15:03:40,278:INFO:load_model(model_name=model/modelo-final, platform=None, authentication=None, verbose=True)
2021-06-28 15:03:40,428:INFO:Initializing load_model()
2021-06-28 15:03:40,429:INFO:load_model(model_name=model/modelo-final, platform=None, authentication=None, verbose=True)
2021-06-28 15:03:41,553:INFO:Initializing load_model()
2021-06-28 15:03:41,554:INFO:load_model(model_name=model/modelo-final, platform=None, authentication=None, verbose=True)
2021-06-28 15:03:41,706:INFO:Initializing load_model()
2021-06-28 15:03:41,707:INFO:load_model(model_name=model/modelo-final, platform=None, authentication=None, verbose=True)
2021-06-28 15:03:42,861:INFO:Initializing load_model()
2021-06-28 15:03:42,865:INFO:load_model(model_name=model/modelo-final, platform=None, authentication=None, verbose=True)
2021-06-28 15:03:43,538:INFO:Initializing load_model()
2021-06-28 15:03:43,539:INFO:load_model(model_name=model/modelo-final, platform=None, authentication=None, verbose=True)
2021-06-28 15:03:43,681:INFO:Initializing load_model()
2021-06-28 15:03:43,681:INFO:load_model(model_name=model/modelo-final, platform=None, authentication=None, verbose=True)
2021-06-28 15:03:44,805:INFO:Initializing load_model()
2021-06-28 15:03:44,806:INFO:load_model(model_name=model/modelo-final, platform=None, authentication=None, verbose=True)
2021-06-28 15:03:44,944:INFO:Initializing load_model()
2021-06-28 15:03:44,944:INFO:load_model(model_name=model/modelo-final, platform=None, authentication=None, verbose=True)
2021-06-28 15:03:46,102:INFO:Initializing load_model()
2021-06-28 15:03:46,103:INFO:load_model(model_name=model/modelo-final, platform=None, authentication=None, verbose=True)
2021-06-28 15:03:46,241:INFO:Initializing load_model()
2021-06-28 15:03:46,241:INFO:load_model(model_name=model/modelo-final, platform=None, authentication=None, verbose=True)
2021-06-28 15:03:47,407:INFO:Initializing load_model()
2021-06-28 15:03:47,407:INFO:load_model(model_name=model/modelo-final, platform=None, authentication=None, verbose=True)
2021-06-28 15:03:47,547:INFO:Initializing load_model()
2021-06-28 15:03:47,552:INFO:load_model(model_name=model/modelo-final, platform=None, authentication=None, verbose=True)
2021-06-28 15:03:48,687:INFO:Initializing load_model()
2021-06-28 15:03:48,689:INFO:load_model(model_name=model/modelo-final, platform=None, authentication=None, verbose=True)
2021-06-28 15:03:48,829:INFO:Initializing load_model()
2021-06-28 15:03:48,830:INFO:load_model(model_name=model/modelo-final, platform=None, authentication=None, verbose=True)
2021-06-28 15:03:49,956:INFO:Initializing load_model()
2021-06-28 15:03:49,957:INFO:load_model(model_name=model/modelo-final, platform=None, authentication=None, verbose=True)
2021-06-28 15:03:50,094:INFO:Initializing load_model()
2021-06-28 15:03:50,094:INFO:load_model(model_name=model/modelo-final, platform=None, authentication=None, verbose=True)
2021-06-28 15:03:51,227:INFO:Initializing load_model()
2021-06-28 15:03:51,228:INFO:load_model(model_name=model/modelo-final, platform=None, authentication=None, verbose=True)
2021-06-28 15:03:51,369:INFO:Initializing load_model()
2021-06-28 15:03:51,369:INFO:load_model(model_name=model/modelo-final, platform=None, authentication=None, verbose=True)
2021-06-28 15:03:52,533:INFO:Initializing load_model()
2021-06-28 15:03:52,534:INFO:load_model(model_name=model/modelo-final, platform=None, authentication=None, verbose=True)
2021-06-28 15:03:52,677:INFO:Initializing load_model()
2021-06-28 15:03:52,678:INFO:load_model(model_name=model/modelo-final, platform=None, authentication=None, verbose=True)
2021-06-28 15:03:53,823:INFO:Initializing load_model()
2021-06-28 15:03:53,824:INFO:load_model(model_name=model/modelo-final, platform=None, authentication=None, verbose=True)
2021-06-28 15:03:53,960:INFO:Initializing load_model()
2021-06-28 15:03:53,961:INFO:load_model(model_name=model/modelo-final, platform=None, authentication=None, verbose=True)
2021-06-28 15:03:55,113:INFO:Initializing load_model()
2021-06-28 15:03:55,115:INFO:load_model(model_name=model/modelo-final, platform=None, authentication=None, verbose=True)
2021-06-28 15:03:55,253:INFO:Initializing load_model()
2021-06-28 15:03:55,253:INFO:load_model(model_name=model/modelo-final, platform=None, authentication=None, verbose=True)
2021-06-28 15:03:56,393:INFO:Initializing load_model()
2021-06-28 15:03:56,393:INFO:load_model(model_name=model/modelo-final, platform=None, authentication=None, verbose=True)
2021-06-28 15:03:56,534:INFO:Initializing load_model()
2021-06-28 15:03:56,534:INFO:load_model(model_name=model/modelo-final, platform=None, authentication=None, verbose=True)
2021-06-28 15:03:57,662:INFO:Initializing load_model()
2021-06-28 15:03:57,663:INFO:load_model(model_name=model/modelo-final, platform=None, authentication=None, verbose=True)
2021-06-28 15:03:57,799:INFO:Initializing load_model()
2021-06-28 15:03:57,800:INFO:load_model(model_name=model/modelo-final, platform=None, authentication=None, verbose=True)
2021-06-28 15:03:58,946:INFO:Initializing load_model()
2021-06-28 15:03:58,946:INFO:load_model(model_name=model/modelo-final, platform=None, authentication=None, verbose=True)
2021-06-28 15:04:00,009:INFO:Initializing load_model()
2021-06-28 15:04:00,010:INFO:load_model(model_name=model/modelo-final, platform=None, authentication=None, verbose=True)
2021-06-28 15:04:00,752:INFO:Initializing load_model()
2021-06-28 15:04:00,753:INFO:load_model(model_name=model/modelo-final, platform=None, authentication=None, verbose=True)
2021-06-28 15:04:00,904:INFO:Initializing load_model()
2021-06-28 15:04:00,905:INFO:load_model(model_name=model/modelo-final, platform=None, authentication=None, verbose=True)
2021-06-28 15:04:02,075:INFO:Initializing load_model()
2021-06-28 15:04:02,075:INFO:load_model(model_name=model/modelo-final, platform=None, authentication=None, verbose=True)
2021-06-28 15:04:02,213:INFO:Initializing load_model()
2021-06-28 15:04:02,214:INFO:load_model(model_name=model/modelo-final, platform=None, authentication=None, verbose=True)
2021-06-28 15:04:03,311:INFO:Initializing load_model()
2021-06-28 15:04:03,311:INFO:load_model(model_name=model/modelo-final, platform=None, authentication=None, verbose=True)
2021-06-28 15:04:03,453:INFO:Initializing load_model()
2021-06-28 15:04:03,453:INFO:load_model(model_name=model/modelo-final, platform=None, authentication=None, verbose=True)
2021-06-28 15:04:04,627:INFO:Initializing load_model()
2021-06-28 15:04:04,629:INFO:load_model(model_name=model/modelo-final, platform=None, authentication=None, verbose=True)
2021-06-28 15:04:04,765:INFO:Initializing load_model()
2021-06-28 15:04:04,768:INFO:load_model(model_name=model/modelo-final, platform=None, authentication=None, verbose=True)
2021-06-28 15:04:05,900:INFO:Initializing load_model()
2021-06-28 15:04:05,902:INFO:load_model(model_name=model/modelo-final, platform=None, authentication=None, verbose=True)
2021-06-28 15:04:06,072:INFO:Initializing load_model()
2021-06-28 15:04:06,073:INFO:load_model(model_name=model/modelo-final, platform=None, authentication=None, verbose=True)
2021-06-28 15:04:07,232:INFO:Initializing load_model()
2021-06-28 15:04:07,232:INFO:load_model(model_name=model/modelo-final, platform=None, authentication=None, verbose=True)
2021-06-28 15:04:07,375:INFO:Initializing load_model()
2021-06-28 15:04:07,375:INFO:load_model(model_name=model/modelo-final, platform=None, authentication=None, verbose=True)
2021-06-28 15:04:08,505:INFO:Initializing load_model()
2021-06-28 15:04:08,506:INFO:load_model(model_name=model/modelo-final, platform=None, authentication=None, verbose=True)
2021-06-28 15:04:08,644:INFO:Initializing load_model()
2021-06-28 15:04:08,645:INFO:load_model(model_name=model/modelo-final, platform=None, authentication=None, verbose=True)
2021-06-28 15:04:09,772:INFO:Initializing load_model()
2021-06-28 15:04:09,774:INFO:load_model(model_name=model/modelo-final, platform=None, authentication=None, verbose=True)
2021-06-28 15:04:09,917:INFO:Initializing load_model()
2021-06-28 15:04:09,917:INFO:load_model(model_name=model/modelo-final, platform=None, authentication=None, verbose=True)
2021-06-28 15:04:11,047:INFO:Initializing load_model()
2021-06-28 15:04:11,048:INFO:load_model(model_name=model/modelo-final, platform=None, authentication=None, verbose=True)
2021-06-28 15:04:11,188:INFO:Initializing load_model()
2021-06-28 15:04:11,188:INFO:load_model(model_name=model/modelo-final, platform=None, authentication=None, verbose=True)
2021-06-28 15:04:12,325:INFO:Initializing load_model()
2021-06-28 15:04:12,327:INFO:load_model(model_name=model/modelo-final, platform=None, authentication=None, verbose=True)
2021-06-28 15:04:12,469:INFO:Initializing load_model()
2021-06-28 15:04:12,469:INFO:load_model(model_name=model/modelo-final, platform=None, authentication=None, verbose=True)
2021-06-28 15:04:13,598:INFO:Initializing load_model()
2021-06-28 15:04:13,599:INFO:load_model(model_name=model/modelo-final, platform=None, authentication=None, verbose=True)
2021-06-28 15:04:13,739:INFO:Initializing load_model()
2021-06-28 15:04:13,739:INFO:load_model(model_name=model/modelo-final, platform=None, authentication=None, verbose=True)
2021-06-28 15:04:14,879:INFO:Initializing load_model()
2021-06-28 15:04:14,880:INFO:load_model(model_name=model/modelo-final, platform=None, authentication=None, verbose=True)
2021-06-28 15:04:15,023:INFO:Initializing load_model()
2021-06-28 15:04:15,023:INFO:load_model(model_name=model/modelo-final, platform=None, authentication=None, verbose=True)
2021-06-28 15:04:16,186:INFO:Initializing load_model()
2021-06-28 15:04:16,187:INFO:load_model(model_name=model/modelo-final, platform=None, authentication=None, verbose=True)
2021-06-28 15:04:16,329:INFO:Initializing load_model()
2021-06-28 15:04:16,330:INFO:load_model(model_name=model/modelo-final, platform=None, authentication=None, verbose=True)
2021-06-28 15:04:17,467:INFO:Initializing load_model()
2021-06-28 15:04:17,467:INFO:load_model(model_name=model/modelo-final, platform=None, authentication=None, verbose=True)
2021-06-28 15:04:17,615:INFO:Initializing load_model()
2021-06-28 15:04:17,617:INFO:load_model(model_name=model/modelo-final, platform=None, authentication=None, verbose=True)
2021-06-28 15:04:18,768:INFO:Initializing load_model()
2021-06-28 15:04:18,769:INFO:load_model(model_name=model/modelo-final, platform=None, authentication=None, verbose=True)
2021-06-28 15:04:18,916:INFO:Initializing load_model()
2021-06-28 15:04:18,916:INFO:load_model(model_name=model/modelo-final, platform=None, authentication=None, verbose=True)
2021-06-28 15:04:20,056:INFO:Initializing load_model()
2021-06-28 15:04:20,057:INFO:load_model(model_name=model/modelo-final, platform=None, authentication=None, verbose=True)
2021-06-28 15:04:20,203:INFO:Initializing load_model()
2021-06-28 15:04:20,203:INFO:load_model(model_name=model/modelo-final, platform=None, authentication=None, verbose=True)
2021-06-28 15:04:40,734:INFO:Initializing load_model()
2021-06-28 15:04:40,734:INFO:load_model(model_name=model/modelo-final, platform=None, authentication=None, verbose=True)
2021-06-28 15:04:41,473:INFO:Initializing load_model()
2021-06-28 15:04:41,475:INFO:load_model(model_name=model/modelo-final, platform=None, authentication=None, verbose=True)
2021-06-28 15:04:41,643:INFO:Initializing load_model()
2021-06-28 15:04:41,643:INFO:load_model(model_name=model/modelo-final, platform=None, authentication=None, verbose=True)
2021-06-28 15:04:42,822:INFO:Initializing load_model()
2021-06-28 15:04:42,823:INFO:load_model(model_name=model/modelo-final, platform=None, authentication=None, verbose=True)
2021-06-28 15:04:42,959:INFO:Initializing load_model()
2021-06-28 15:04:42,960:INFO:load_model(model_name=model/modelo-final, platform=None, authentication=None, verbose=True)
2021-06-28 15:04:44,072:INFO:Initializing load_model()
2021-06-28 15:04:44,073:INFO:load_model(model_name=model/modelo-final, platform=None, authentication=None, verbose=True)
2021-06-28 15:04:44,210:INFO:Initializing load_model()
2021-06-28 15:04:44,210:INFO:load_model(model_name=model/modelo-final, platform=None, authentication=None, verbose=True)
2021-06-28 15:04:45,347:INFO:Initializing load_model()
2021-06-28 15:04:45,349:INFO:load_model(model_name=model/modelo-final, platform=None, authentication=None, verbose=True)
2021-06-28 15:04:45,491:INFO:Initializing load_model()
2021-06-28 15:04:45,492:INFO:load_model(model_name=model/modelo-final, platform=None, authentication=None, verbose=True)
2021-06-28 15:04:46,623:INFO:Initializing load_model()
2021-06-28 15:04:46,625:INFO:load_model(model_name=model/modelo-final, platform=None, authentication=None, verbose=True)
2021-06-28 15:04:46,762:INFO:Initializing load_model()
2021-06-28 15:04:46,763:INFO:load_model(model_name=model/modelo-final, platform=None, authentication=None, verbose=True)
2021-06-28 15:04:47,890:INFO:Initializing load_model()
2021-06-28 15:04:47,891:INFO:load_model(model_name=model/modelo-final, platform=None, authentication=None, verbose=True)
2021-06-28 15:04:48,028:INFO:Initializing load_model()
2021-06-28 15:04:48,028:INFO:load_model(model_name=model/modelo-final, platform=None, authentication=None, verbose=True)
2021-06-28 15:04:49,160:INFO:Initializing load_model()
2021-06-28 15:04:49,161:INFO:load_model(model_name=model/modelo-final, platform=None, authentication=None, verbose=True)
2021-06-28 15:04:49,295:INFO:Initializing load_model()
2021-06-28 15:04:49,296:INFO:load_model(model_name=model/modelo-final, platform=None, authentication=None, verbose=True)
2021-06-28 15:04:50,408:INFO:Initializing load_model()
2021-06-28 15:04:50,409:INFO:load_model(model_name=model/modelo-final, platform=None, authentication=None, verbose=True)
2021-06-28 15:04:50,544:INFO:Initializing load_model()
2021-06-28 15:04:50,544:INFO:load_model(model_name=model/modelo-final, platform=None, authentication=None, verbose=True)
2021-06-28 15:04:51,650:INFO:Initializing load_model()
2021-06-28 15:04:51,651:INFO:load_model(model_name=model/modelo-final, platform=None, authentication=None, verbose=True)
2021-06-28 15:04:51,787:INFO:Initializing load_model()
2021-06-28 15:04:51,788:INFO:load_model(model_name=model/modelo-final, platform=None, authentication=None, verbose=True)
2021-06-28 15:04:52,916:INFO:Initializing load_model()
2021-06-28 15:04:52,917:INFO:load_model(model_name=model/modelo-final, platform=None, authentication=None, verbose=True)
2021-06-28 15:04:53,054:INFO:Initializing load_model()
2021-06-28 15:04:53,054:INFO:load_model(model_name=model/modelo-final, platform=None, authentication=None, verbose=True)
2021-06-28 15:04:54,189:INFO:Initializing load_model()
2021-06-28 15:04:54,189:INFO:load_model(model_name=model/modelo-final, platform=None, authentication=None, verbose=True)
2021-06-28 15:04:54,323:INFO:Initializing load_model()
2021-06-28 15:04:54,324:INFO:load_model(model_name=model/modelo-final, platform=None, authentication=None, verbose=True)
2021-06-28 15:04:55,455:INFO:Initializing load_model()
2021-06-28 15:04:55,455:INFO:load_model(model_name=model/modelo-final, platform=None, authentication=None, verbose=True)
2021-06-28 15:04:55,595:INFO:Initializing load_model()
2021-06-28 15:04:55,595:INFO:load_model(model_name=model/modelo-final, platform=None, authentication=None, verbose=True)
2021-06-28 15:04:56,763:INFO:Initializing load_model()
2021-06-28 15:04:56,764:INFO:load_model(model_name=model/modelo-final, platform=None, authentication=None, verbose=True)
2021-06-28 15:04:56,904:INFO:Initializing load_model()
2021-06-28 15:04:56,904:INFO:load_model(model_name=model/modelo-final, platform=None, authentication=None, verbose=True)
2021-06-28 15:04:58,910:INFO:Initializing load_model()
2021-06-28 15:04:58,911:INFO:load_model(model_name=model/modelo-final, platform=None, authentication=None, verbose=True)
2021-06-28 15:05:05,185:INFO:Initializing load_model()
2021-06-28 15:05:05,187:INFO:load_model(model_name=model/modelo-final, platform=None, authentication=None, verbose=True)
2021-06-28 15:05:15,241:INFO:Initializing load_model()
2021-06-28 15:05:15,242:INFO:load_model(model_name=model/modelo-final, platform=None, authentication=None, verbose=True)
2021-06-28 15:05:30,753:INFO:Initializing load_model()
2021-06-28 15:05:30,754:INFO:load_model(model_name=model/modelo-final, platform=None, authentication=None, verbose=True)
2021-06-28 15:05:34,367:INFO:Initializing load_model()
2021-06-28 15:05:34,367:INFO:load_model(model_name=model/modelo-final, platform=None, authentication=None, verbose=True)
2021-06-28 15:05:35,120:INFO:Initializing load_model()
2021-06-28 15:05:35,120:INFO:load_model(model_name=model/modelo-final, platform=None, authentication=None, verbose=True)
2021-06-28 15:05:35,265:INFO:Initializing load_model()
2021-06-28 15:05:35,266:INFO:load_model(model_name=model/modelo-final, platform=None, authentication=None, verbose=True)
2021-06-28 15:05:36,405:INFO:Initializing load_model()
2021-06-28 15:05:36,407:INFO:load_model(model_name=model/modelo-final, platform=None, authentication=None, verbose=True)
2021-06-28 15:05:36,552:INFO:Initializing load_model()
2021-06-28 15:05:36,552:INFO:load_model(model_name=model/modelo-final, platform=None, authentication=None, verbose=True)
2021-06-28 15:05:39,174:INFO:Initializing load_model()
2021-06-28 15:05:39,179:INFO:load_model(model_name=model/modelo-final, platform=None, authentication=None, verbose=True)
2021-06-28 15:05:42,866:INFO:Initializing load_model()
2021-06-28 15:05:42,868:INFO:load_model(model_name=model/modelo-final, platform=None, authentication=None, verbose=True)
2021-06-28 15:05:55,257:INFO:Initializing load_model()
2021-06-28 15:05:55,258:INFO:load_model(model_name=model/modelo-final, platform=None, authentication=None, verbose=True)
2021-06-28 15:05:59,059:INFO:Initializing load_model()
2021-06-28 15:05:59,060:INFO:load_model(model_name=model/modelo-final, platform=None, authentication=None, verbose=True)
2021-06-28 15:06:20,018:INFO:Initializing load_model()
2021-06-28 15:06:20,020:INFO:load_model(model_name=model/modelo-final, platform=None, authentication=None, verbose=True)
2021-06-28 15:06:53,934:INFO:Initializing load_model()
2021-06-28 15:06:53,934:INFO:load_model(model_name=model/modelo-final, platform=None, authentication=None, verbose=True)
2021-06-28 15:07:20,043:INFO:Initializing load_model()
2021-06-28 15:07:20,043:INFO:load_model(model_name=model/modelo-final, platform=None, authentication=None, verbose=True)
2021-06-28 15:07:20,820:INFO:Initializing load_model()
2021-06-28 15:07:20,821:INFO:load_model(model_name=model/modelo-final, platform=None, authentication=None, verbose=True)
2021-06-28 15:07:20,969:INFO:Initializing load_model()
2021-06-28 15:07:20,970:INFO:load_model(model_name=model/modelo-final, platform=None, authentication=None, verbose=True)
2021-06-28 15:07:22,169:INFO:Initializing load_model()
2021-06-28 15:07:22,170:INFO:load_model(model_name=model/modelo-final, platform=None, authentication=None, verbose=True)
2021-06-28 15:07:22,314:INFO:Initializing load_model()
2021-06-28 15:07:22,315:INFO:load_model(model_name=model/modelo-final, platform=None, authentication=None, verbose=True)
2021-06-28 15:07:23,519:INFO:Initializing load_model()
2021-06-28 15:07:23,519:INFO:load_model(model_name=model/modelo-final, platform=None, authentication=None, verbose=True)
2021-06-28 15:07:24,188:INFO:Initializing load_model()
2021-06-28 15:07:24,189:INFO:load_model(model_name=model/modelo-final, platform=None, authentication=None, verbose=True)
2021-06-28 15:07:41,203:INFO:Initializing load_model()
2021-06-28 15:07:41,203:INFO:load_model(model_name=model/modelo-final, platform=None, authentication=None, verbose=True)
2021-06-28 15:07:42,841:INFO:Initializing load_model()
2021-06-28 15:07:42,842:INFO:load_model(model_name=model/modelo-final, platform=None, authentication=None, verbose=True)
2021-06-28 15:08:02,592:INFO:Initializing load_model()
2021-06-28 15:08:02,595:INFO:load_model(model_name=model/modelo-final, platform=None, authentication=None, verbose=True)
2021-06-28 15:08:27,937:INFO:Initializing load_model()
2021-06-28 15:08:27,937:INFO:load_model(model_name=model/modelo-final, platform=None, authentication=None, verbose=True)
2021-06-28 15:08:30,929:INFO:Initializing load_model()
2021-06-28 15:08:30,930:INFO:load_model(model_name=model/modelo-final, platform=None, authentication=None, verbose=True)
2021-06-28 15:08:33,175:INFO:Initializing load_model()
2021-06-28 15:08:33,175:INFO:load_model(model_name=model/modelo-final, platform=None, authentication=None, verbose=True)
2021-06-28 15:08:33,506:INFO:Initializing predict_model()
2021-06-28 15:08:33,506:INFO:predict_model(estimator=Pipeline(steps=[('dtypes',
                 DataTypes_Auto_infer(ml_usecase='regression',
                                      numerical_features=['num_quartos',
                                                          'num_banheiros',
                                                          'garagem',
                                                          'num_andares',
                                                          'aceita_animais',
                                                          'mobilia'],
                                      target='valor_aluguel')),
                ('imputer',
                 Simple_Imputer(categorical_strategy='not_available',
                                fill_value_categorical=None,
                                fill_value_numerical=None,
                                numeric_strategy='mean',
                                target_vari...
                ('binn', 'passthrough'), ('rem_outliers', 'passthrough'),
                ('cluster_all', 'passthrough'),
                ('dummy', Dummify(target='valor_aluguel')),
                ('fix_perfect', Remove_100(target='valor_aluguel')),
                ('clean_names', Clean_Colum_Names()),
                ('feature_select', 'passthrough'), ('fix_multi', 'passthrough'),
                ('dfs', 'passthrough'), ('pca', 'passthrough'),
                ['trained_model',
                 <catboost.core.CatBoostRegressor object at 0x000001F5B7F3DE50>]]), probability_threshold=None, encoded_labels=True, round=4, verbose=True, ml_usecase=MLUsecase.REGRESSION, display=None)
2021-06-28 15:08:33,507:INFO:Checking exceptions
2021-06-28 15:08:33,507:INFO:Preloading libraries
