2021-06-22 18:59:48,857:INFO:PyCaret Supervised Module
2021-06-22 18:59:48,857:INFO:ML Usecase: regression
2021-06-22 18:59:48,857:INFO:version 2.2.0
2021-06-22 18:59:48,857:INFO:Initializing setup()
2021-06-22 18:59:48,857:INFO:setup(target=valor_aluguel, ml_usecase=regression, available_plots={'parameter': 'Hyperparameters', 'residuals': 'Residuals', 'error': 'Prediction Error', 'cooks': 'Cooks Distance', 'rfe': 'Feature Selection', 'learning': 'Learning Curve', 'manifold': 'Manifold Learning', 'vc': 'Validation Curve', 'feature': 'Feature Importance', 'feature_all': 'Feature Importance (All)', 'tree': 'Decision Tree'}, train_size=0.7, test_data=None, preprocess=True, imputation_type=simple, iterative_imputation_iters=5, categorical_features=None, categorical_imputation=constant, categorical_iterative_imputer=lightgbm, ordinal_features=None, high_cardinality_features=None, high_cardinality_method=frequency, numeric_features=['num_quartos', 'num_banheiros', 'garagem', 'num_andares', 'aceita_animais', 'mobilia'], numeric_imputation=mean, numeric_iterative_imputer=lightgbm, date_features=None, ignore_features=None, normalize=False, normalize_method=zscore, transformation=False, transformation_method=yeo-johnson, handle_unknown_categorical=True, unknown_categorical_method=least_frequent, pca=False, pca_method=linear, pca_components=None, ignore_low_variance=False, combine_rare_levels=False, rare_level_threshold=0.1, bin_numeric_features=None, remove_outliers=False, outliers_threshold=0.05, remove_multicollinearity=False, multicollinearity_threshold=0.9, remove_perfect_collinearity=True, create_clusters=False, cluster_iter=20, polynomial_features=False, polynomial_degree=2, trigonometry_features=False, polynomial_threshold=0.1, group_features=None, group_names=None, feature_selection=False, feature_selection_threshold=0.8, feature_selection_method=classic, feature_interaction=False, feature_ratio=False, interaction_threshold=0.01, fix_imbalance=False, fix_imbalance_method=None, transform_target=False, transform_target_method=box-cox, data_split_shuffle=True, data_split_stratify=False, fold_strategy=kfold, fold=10, fold_shuffle=False, fold_groups=None, n_jobs=-1, use_gpu=False, custom_pipeline=None, html=True, session_id=None, log_experiment=True, experiment_name=exp-bootcamp, log_plots=False, log_profile=False, log_data=False, silent=False, verbose=True, profile=False, display=None)
2021-06-22 18:59:48,857:INFO:Checking environment
2021-06-22 18:59:48,857:INFO:python_version: 3.8.5
2021-06-22 18:59:48,857:INFO:python_build: ('default', 'Sep  3 2020 21:29:08')
2021-06-22 18:59:48,857:INFO:machine: AMD64
2021-06-22 18:59:48,857:INFO:platform: Windows-10-10.0.19041-SP0
2021-06-22 18:59:48,857:INFO:Memory: svmem(total=6388592640, available=1689673728, percent=73.6, used=4698918912, free=1689673728)
2021-06-22 18:59:48,857:INFO:Physical Core: 4
2021-06-22 18:59:48,857:INFO:Logical Core: 4
2021-06-22 18:59:48,857:INFO:Checking libraries
2021-06-22 18:59:48,857:INFO:pd==1.1.3
2021-06-22 18:59:48,857:INFO:numpy==1.19.2
2021-06-22 18:59:48,857:INFO:sklearn==0.23.2
2021-06-22 18:59:49,790:INFO:xgboost==1.4.2
2021-06-22 18:59:49,790:INFO:lightgbm==3.2.1
2021-06-22 18:59:51,009:INFO:catboost==0.26
2021-06-22 19:00:05,435:INFO:mlflow==1.17.0
2021-06-22 19:00:05,435:INFO:Checking Exceptions
2021-06-22 19:00:05,435:INFO:Declaring global variables
2021-06-22 19:00:05,435:INFO:USI: 856f
2021-06-22 19:00:05,435:INFO:pycaret_globals: {'stratify_param', 'gpu_param', 'log_plots_param', '_gpu_n_jobs_param', '_all_models', 'fold_shuffle_param', 'fold_param', 'logging_param', 'data_before_preprocess', 'imputation_classifier', 'y', 'exp_name_log', 'USI', 'master_model_container', 'fold_groups_param', 'prep_pipe', '_all_models_internal', '_ml_usecase', 'experiment__', 'create_model_container', 'fix_imbalance_method_param', 'fold_generator', '_available_plots', 'html_param', 'X_test', 'iterative_imputation_iters_param', 'display_container', 'target_param', 'X', 'transform_target_param', 'y_train', 'pycaret_globals', '_internal_pipeline', 'fix_imbalance_param', 'seed', 'y_test', 'X_train', '_all_metrics', 'imputation_regressor', 'transform_target_method_param', 'n_jobs_param'}
2021-06-22 19:00:05,435:INFO:Preparing display monitor
2021-06-22 19:00:05,435:INFO:Preparing display monitor
2021-06-22 19:00:05,520:INFO:Importing libraries
2021-06-22 19:00:05,520:INFO:Copying data for preprocessing
2021-06-22 19:00:05,589:INFO:Declaring preprocessing parameters
2021-06-22 19:00:05,667:INFO:Creating preprocessing pipeline
2021-06-22 19:00:05,705:INFO:Preprocessing pipeline created successfully
2021-06-22 19:00:05,705:ERROR:(Process Exit): setup has been interupted with user command 'quit'. setup must rerun.
2021-06-22 19:00:05,705:INFO:Creating global containers
2021-06-22 19:00:05,705:INFO:Internal pipeline: Pipeline(memory=None, steps=[('empty_step', 'passthrough')], verbose=False)
2021-06-22 19:00:35,979:INFO:Creating grid variables
2021-06-22 19:00:36,155:INFO:Logging experiment in MLFlow
2021-06-22 19:00:38,927:INFO:SubProcess save_model() called ==================================
2021-06-22 19:00:38,949:INFO:Initializing save_model()
2021-06-22 19:00:38,949:INFO:save_model(model=Pipeline(memory=None,
         steps=[('dtypes',
                 DataTypes_Auto_infer(categorical_features=[],
                                      display_types=True, features_todrop=[],
                                      id_columns=[], ml_usecase='regression',
                                      numerical_features=['num_quartos',
                                                          'num_banheiros',
                                                          'garagem',
                                                          'num_andares',
                                                          'aceita_animais',
                                                          'mobilia'],
                                      target='valor_aluguel',
                                      time_features=[])),
                ('imputer',
                 Simple_Imputer(categorical_strategy=...
                ('scaling', 'passthrough'), ('P_transform', 'passthrough'),
                ('binn', 'passthrough'), ('rem_outliers', 'passthrough'),
                ('cluster_all', 'passthrough'),
                ('dummy', Dummify(target='valor_aluguel')),
                ('fix_perfect', Remove_100(target='valor_aluguel')),
                ('clean_names', Clean_Colum_Names()),
                ('feature_select', 'passthrough'), ('fix_multi', 'passthrough'),
                ('dfs', 'passthrough'), ('pca', 'passthrough')],
         verbose=False), model_name=Transformation Pipeline, prep_pipe_=Pipeline(memory=None,
         steps=[('dtypes',
                 DataTypes_Auto_infer(categorical_features=[],
                                      display_types=True, features_todrop=[],
                                      id_columns=[], ml_usecase='regression',
                                      numerical_features=['num_quartos',
                                                          'num_banheiros',
                                                          'garagem',
                                                          'num_andares',
                                                          'aceita_animais',
                                                          'mobilia'],
                                      target='valor_aluguel',
                                      time_features=[])),
                ('imputer',
                 Simple_Imputer(categorical_strategy=...
                ('scaling', 'passthrough'), ('P_transform', 'passthrough'),
                ('binn', 'passthrough'), ('rem_outliers', 'passthrough'),
                ('cluster_all', 'passthrough'),
                ('dummy', Dummify(target='valor_aluguel')),
                ('fix_perfect', Remove_100(target='valor_aluguel')),
                ('clean_names', Clean_Colum_Names()),
                ('feature_select', 'passthrough'), ('fix_multi', 'passthrough'),
                ('dfs', 'passthrough'), ('pca', 'passthrough')],
         verbose=False), verbose=False)
2021-06-22 19:00:38,949:INFO:Adding model into prep_pipe
2021-06-22 19:00:38,949:WARNING:Only Model saved as it was a pipeline.
2021-06-22 19:00:38,980:INFO:Transformation Pipeline.pkl saved in current working directory
2021-06-22 19:00:38,980:INFO:Pipeline(memory=None,
         steps=[('dtypes',
                 DataTypes_Auto_infer(categorical_features=[],
                                      display_types=True, features_todrop=[],
                                      id_columns=[], ml_usecase='regression',
                                      numerical_features=['num_quartos',
                                                          'num_banheiros',
                                                          'garagem',
                                                          'num_andares',
                                                          'aceita_animais',
                                                          'mobilia'],
                                      target='valor_aluguel',
                                      time_features=[])),
                ('imputer',
                 Simple_Imputer(categorical_strategy=...
                ('scaling', 'passthrough'), ('P_transform', 'passthrough'),
                ('binn', 'passthrough'), ('rem_outliers', 'passthrough'),
                ('cluster_all', 'passthrough'),
                ('dummy', Dummify(target='valor_aluguel')),
                ('fix_perfect', Remove_100(target='valor_aluguel')),
                ('clean_names', Clean_Colum_Names()),
                ('feature_select', 'passthrough'), ('fix_multi', 'passthrough'),
                ('dfs', 'passthrough'), ('pca', 'passthrough')],
         verbose=False)
2021-06-22 19:00:38,980:INFO:save_model() succesfully completed......................................
2021-06-22 19:00:38,980:INFO:SubProcess save_model() end ==================================
2021-06-22 19:00:39,111:INFO:create_model_container: 0
2021-06-22 19:00:39,111:INFO:master_model_container: 0
2021-06-22 19:00:39,111:INFO:display_container: 0
2021-06-22 19:00:39,127:INFO:Pipeline(memory=None,
         steps=[('dtypes',
                 DataTypes_Auto_infer(categorical_features=[],
                                      display_types=True, features_todrop=[],
                                      id_columns=[], ml_usecase='regression',
                                      numerical_features=['num_quartos',
                                                          'num_banheiros',
                                                          'garagem',
                                                          'num_andares',
                                                          'aceita_animais',
                                                          'mobilia'],
                                      target='valor_aluguel',
                                      time_features=[])),
                ('imputer',
                 Simple_Imputer(categorical_strategy=...
                ('scaling', 'passthrough'), ('P_transform', 'passthrough'),
                ('binn', 'passthrough'), ('rem_outliers', 'passthrough'),
                ('cluster_all', 'passthrough'),
                ('dummy', Dummify(target='valor_aluguel')),
                ('fix_perfect', Remove_100(target='valor_aluguel')),
                ('clean_names', Clean_Colum_Names()),
                ('feature_select', 'passthrough'), ('fix_multi', 'passthrough'),
                ('dfs', 'passthrough'), ('pca', 'passthrough')],
         verbose=False)
2021-06-22 19:00:39,127:INFO:setup() succesfully completed......................................
2021-06-22 19:00:54,027:INFO:Initializing compare_models()
2021-06-22 19:00:54,027:INFO:compare_models(include=None, fold=5, round=4, cross_validation=True, sort=R2, n_select=1, budget_time=None, turbo=True, errors=ignore, fit_kwargs=None, groups=None, verbose=True, display=None, exclude=None)
2021-06-22 19:00:54,027:INFO:Checking exceptions
2021-06-22 19:00:54,027:INFO:Preparing display monitor
2021-06-22 19:00:54,027:INFO:Preparing display monitor
2021-06-22 19:00:54,111:INFO:Initializing Linear Regression
2021-06-22 19:00:54,111:INFO:Total runtime is 0.0 minutes
2021-06-22 19:00:54,127:INFO:SubProcess create_model() called ==================================
2021-06-22 19:00:54,127:INFO:Initializing create_model()
2021-06-22 19:00:54,127:INFO:create_model(estimator=lr, fold=KFold(n_splits=5, random_state=8238, shuffle=False), round=4, cross_validation=True, predict=True, fit_kwargs={}, groups=None, refit=False, verbose=False, system=False, metrics=None, display=<pycaret.internal.Display.Display object at 0x000001897C4F1FD0>, kwargs={})
2021-06-22 19:00:54,127:INFO:Checking exceptions
2021-06-22 19:00:54,127:INFO:Importing libraries
2021-06-22 19:00:54,127:INFO:Copying training dataset
2021-06-22 19:00:54,127:INFO:Defining folds
2021-06-22 19:00:54,127:INFO:Declaring metric variables
2021-06-22 19:00:54,127:INFO:Importing untrained model
2021-06-22 19:00:54,143:INFO:Linear Regression Imported succesfully
2021-06-22 19:00:54,158:INFO:Starting cross validation
2021-06-22 19:00:54,328:INFO:Cross validating with KFold(n_splits=5, random_state=8238, shuffle=False), n_jobs=-1
2021-06-22 19:02:03,117:INFO:Calculating mean and std
2021-06-22 19:02:03,117:INFO:Creating metrics dataframe
2021-06-22 19:02:03,126:INFO:Uploading results into container
2021-06-22 19:02:03,126:INFO:Uploading model into container now
2021-06-22 19:02:03,127:INFO:create_model_container: 1
2021-06-22 19:02:03,127:INFO:master_model_container: 1
2021-06-22 19:02:03,127:INFO:display_container: 1
2021-06-22 19:02:03,127:INFO:LinearRegression(copy_X=True, fit_intercept=True, n_jobs=-1, normalize=False)
2021-06-22 19:02:03,127:INFO:create_model() succesfully completed......................................
2021-06-22 19:02:06,119:INFO:SubProcess create_model() end ==================================
2021-06-22 19:02:06,119:INFO:Creating metrics dataframe
2021-06-22 19:02:06,135:INFO:Initializing Lasso Regression
2021-06-22 19:02:06,135:INFO:Total runtime is 1.200387148062388 minutes
2021-06-22 19:02:06,150:INFO:SubProcess create_model() called ==================================
2021-06-22 19:02:06,150:INFO:Initializing create_model()
2021-06-22 19:02:06,150:INFO:create_model(estimator=lasso, fold=KFold(n_splits=5, random_state=8238, shuffle=False), round=4, cross_validation=True, predict=True, fit_kwargs={}, groups=None, refit=False, verbose=False, system=False, metrics=None, display=<pycaret.internal.Display.Display object at 0x000001897C4F1FD0>, kwargs={})
2021-06-22 19:02:06,150:INFO:Checking exceptions
2021-06-22 19:02:06,150:INFO:Importing libraries
2021-06-22 19:02:06,151:INFO:Copying training dataset
2021-06-22 19:02:06,152:INFO:Defining folds
2021-06-22 19:02:06,152:INFO:Declaring metric variables
2021-06-22 19:02:06,162:INFO:Importing untrained model
2021-06-22 19:02:06,171:INFO:Lasso Regression Imported succesfully
2021-06-22 19:02:06,188:INFO:Starting cross validation
2021-06-22 19:02:06,189:INFO:Cross validating with KFold(n_splits=5, random_state=8238, shuffle=False), n_jobs=-1
2021-06-22 19:02:06,373:INFO:Calculating mean and std
2021-06-22 19:02:06,388:INFO:Creating metrics dataframe
2021-06-22 19:02:06,388:INFO:Uploading results into container
2021-06-22 19:02:06,388:INFO:Uploading model into container now
2021-06-22 19:02:06,388:INFO:create_model_container: 2
2021-06-22 19:02:06,388:INFO:master_model_container: 2
2021-06-22 19:02:06,388:INFO:display_container: 1
2021-06-22 19:02:06,388:INFO:Lasso(alpha=1.0, copy_X=True, fit_intercept=True, max_iter=1000,
      normalize=False, positive=False, precompute=False, random_state=8238,
      selection='cyclic', tol=0.0001, warm_start=False)
2021-06-22 19:02:06,388:INFO:create_model() succesfully completed......................................
2021-06-22 19:02:09,492:INFO:SubProcess create_model() end ==================================
2021-06-22 19:02:09,492:INFO:Creating metrics dataframe
2021-06-22 19:02:09,507:INFO:Initializing Ridge Regression
2021-06-22 19:02:09,507:INFO:Total runtime is 1.2565968394279479 minutes
2021-06-22 19:02:09,523:INFO:SubProcess create_model() called ==================================
2021-06-22 19:02:09,523:INFO:Initializing create_model()
2021-06-22 19:02:09,523:INFO:create_model(estimator=ridge, fold=KFold(n_splits=5, random_state=8238, shuffle=False), round=4, cross_validation=True, predict=True, fit_kwargs={}, groups=None, refit=False, verbose=False, system=False, metrics=None, display=<pycaret.internal.Display.Display object at 0x000001897C4F1FD0>, kwargs={})
2021-06-22 19:02:09,523:INFO:Checking exceptions
2021-06-22 19:02:09,523:INFO:Importing libraries
2021-06-22 19:02:09,523:INFO:Copying training dataset
2021-06-22 19:02:09,523:INFO:Defining folds
2021-06-22 19:02:09,523:INFO:Declaring metric variables
2021-06-22 19:02:09,535:INFO:Importing untrained model
2021-06-22 19:02:09,535:INFO:Ridge Regression Imported succesfully
2021-06-22 19:02:09,550:INFO:Starting cross validation
2021-06-22 19:02:09,550:INFO:Cross validating with KFold(n_splits=5, random_state=8238, shuffle=False), n_jobs=-1
2021-06-22 19:02:10,268:INFO:Calculating mean and std
2021-06-22 19:02:10,269:INFO:Creating metrics dataframe
2021-06-22 19:02:10,274:INFO:Uploading results into container
2021-06-22 19:02:10,274:INFO:Uploading model into container now
2021-06-22 19:02:10,274:INFO:create_model_container: 3
2021-06-22 19:02:10,274:INFO:master_model_container: 3
2021-06-22 19:02:10,275:INFO:display_container: 1
2021-06-22 19:02:10,275:INFO:Ridge(alpha=1.0, copy_X=True, fit_intercept=True, max_iter=None,
      normalize=False, random_state=8238, solver='auto', tol=0.001)
2021-06-22 19:02:10,275:INFO:create_model() succesfully completed......................................
2021-06-22 19:02:13,407:INFO:SubProcess create_model() end ==================================
2021-06-22 19:02:13,407:INFO:Creating metrics dataframe
2021-06-22 19:02:13,417:INFO:Initializing Elastic Net
2021-06-22 19:02:13,417:INFO:Total runtime is 1.3217623670895893 minutes
2021-06-22 19:02:13,435:INFO:SubProcess create_model() called ==================================
2021-06-22 19:02:13,435:INFO:Initializing create_model()
2021-06-22 19:02:13,435:INFO:create_model(estimator=en, fold=KFold(n_splits=5, random_state=8238, shuffle=False), round=4, cross_validation=True, predict=True, fit_kwargs={}, groups=None, refit=False, verbose=False, system=False, metrics=None, display=<pycaret.internal.Display.Display object at 0x000001897C4F1FD0>, kwargs={})
2021-06-22 19:02:13,435:INFO:Checking exceptions
2021-06-22 19:02:13,435:INFO:Importing libraries
2021-06-22 19:02:13,435:INFO:Copying training dataset
2021-06-22 19:02:13,435:INFO:Defining folds
2021-06-22 19:02:13,435:INFO:Declaring metric variables
2021-06-22 19:02:13,445:INFO:Importing untrained model
2021-06-22 19:02:13,445:INFO:Elastic Net Imported succesfully
2021-06-22 19:02:13,476:INFO:Starting cross validation
2021-06-22 19:02:13,476:INFO:Cross validating with KFold(n_splits=5, random_state=8238, shuffle=False), n_jobs=-1
2021-06-22 19:02:13,608:INFO:Calculating mean and std
2021-06-22 19:02:13,608:INFO:Creating metrics dataframe
2021-06-22 19:02:13,624:INFO:Uploading results into container
2021-06-22 19:02:13,624:INFO:Uploading model into container now
2021-06-22 19:02:13,624:INFO:create_model_container: 4
2021-06-22 19:02:13,624:INFO:master_model_container: 4
2021-06-22 19:02:13,624:INFO:display_container: 1
2021-06-22 19:02:13,624:INFO:ElasticNet(alpha=1.0, copy_X=True, fit_intercept=True, l1_ratio=0.5,
           max_iter=1000, normalize=False, positive=False, precompute=False,
           random_state=8238, selection='cyclic', tol=0.0001, warm_start=False)
2021-06-22 19:02:13,624:INFO:create_model() succesfully completed......................................
2021-06-22 19:02:16,729:INFO:SubProcess create_model() end ==================================
2021-06-22 19:02:16,730:INFO:Creating metrics dataframe
2021-06-22 19:02:16,750:INFO:Initializing Least Angle Regression
2021-06-22 19:02:16,750:INFO:Total runtime is 1.3773171146710712 minutes
2021-06-22 19:02:16,761:INFO:SubProcess create_model() called ==================================
2021-06-22 19:02:16,761:INFO:Initializing create_model()
2021-06-22 19:02:16,761:INFO:create_model(estimator=lar, fold=KFold(n_splits=5, random_state=8238, shuffle=False), round=4, cross_validation=True, predict=True, fit_kwargs={}, groups=None, refit=False, verbose=False, system=False, metrics=None, display=<pycaret.internal.Display.Display object at 0x000001897C4F1FD0>, kwargs={})
2021-06-22 19:02:16,762:INFO:Checking exceptions
2021-06-22 19:02:16,762:INFO:Importing libraries
2021-06-22 19:02:16,762:INFO:Copying training dataset
2021-06-22 19:02:16,763:INFO:Defining folds
2021-06-22 19:02:16,763:INFO:Declaring metric variables
2021-06-22 19:02:16,774:INFO:Importing untrained model
2021-06-22 19:02:16,785:INFO:Least Angle Regression Imported succesfully
2021-06-22 19:02:16,806:INFO:Starting cross validation
2021-06-22 19:02:16,807:INFO:Cross validating with KFold(n_splits=5, random_state=8238, shuffle=False), n_jobs=-1
2021-06-22 19:02:17,213:INFO:Calculating mean and std
2021-06-22 19:02:17,213:INFO:Creating metrics dataframe
2021-06-22 19:02:17,213:INFO:Uploading results into container
2021-06-22 19:02:17,213:INFO:Uploading model into container now
2021-06-22 19:02:17,213:INFO:create_model_container: 5
2021-06-22 19:02:17,213:INFO:master_model_container: 5
2021-06-22 19:02:17,213:INFO:display_container: 1
2021-06-22 19:02:17,229:INFO:Lars(copy_X=True, eps=2.220446049250313e-16, fit_intercept=True, fit_path=True,
     jitter=None, n_nonzero_coefs=500, normalize=True, precompute='auto',
     random_state=8238, verbose=False)
2021-06-22 19:02:17,229:INFO:create_model() succesfully completed......................................
2021-06-22 19:02:20,280:INFO:SubProcess create_model() end ==================================
2021-06-22 19:02:20,280:INFO:Creating metrics dataframe
2021-06-22 19:02:20,298:INFO:Initializing Lasso Least Angle Regression
2021-06-22 19:02:20,298:INFO:Total runtime is 1.4364370703697202 minutes
2021-06-22 19:02:20,298:INFO:SubProcess create_model() called ==================================
2021-06-22 19:02:20,298:INFO:Initializing create_model()
2021-06-22 19:02:20,298:INFO:create_model(estimator=llar, fold=KFold(n_splits=5, random_state=8238, shuffle=False), round=4, cross_validation=True, predict=True, fit_kwargs={}, groups=None, refit=False, verbose=False, system=False, metrics=None, display=<pycaret.internal.Display.Display object at 0x000001897C4F1FD0>, kwargs={})
2021-06-22 19:02:20,298:INFO:Checking exceptions
2021-06-22 19:02:20,298:INFO:Importing libraries
2021-06-22 19:02:20,298:INFO:Copying training dataset
2021-06-22 19:02:20,298:INFO:Defining folds
2021-06-22 19:02:20,298:INFO:Declaring metric variables
2021-06-22 19:02:20,313:INFO:Importing untrained model
2021-06-22 19:02:20,313:INFO:Lasso Least Angle Regression Imported succesfully
2021-06-22 19:02:20,344:INFO:Starting cross validation
2021-06-22 19:02:20,344:INFO:Cross validating with KFold(n_splits=5, random_state=8238, shuffle=False), n_jobs=-1
2021-06-22 19:02:20,376:INFO:Calculating mean and std
2021-06-22 19:02:20,376:INFO:Creating metrics dataframe
2021-06-22 19:02:20,391:INFO:Uploading results into container
2021-06-22 19:02:20,391:INFO:Uploading model into container now
2021-06-22 19:02:20,391:INFO:create_model_container: 6
2021-06-22 19:02:20,391:INFO:master_model_container: 6
2021-06-22 19:02:20,391:INFO:display_container: 1
2021-06-22 19:02:20,391:INFO:LassoLars(alpha=1.0, copy_X=True, eps=2.220446049250313e-16, fit_intercept=True,
          fit_path=True, jitter=None, max_iter=500, normalize=True,
          positive=False, precompute='auto', random_state=8238, verbose=False)
2021-06-22 19:02:20,391:INFO:create_model() succesfully completed......................................
2021-06-22 19:02:23,437:INFO:SubProcess create_model() end ==================================
2021-06-22 19:02:23,437:INFO:Creating metrics dataframe
2021-06-22 19:02:23,455:INFO:Initializing Orthogonal Matching Pursuit
2021-06-22 19:02:23,455:INFO:Total runtime is 1.489063457647959 minutes
2021-06-22 19:02:23,465:INFO:SubProcess create_model() called ==================================
2021-06-22 19:02:23,465:INFO:Initializing create_model()
2021-06-22 19:02:23,465:INFO:create_model(estimator=omp, fold=KFold(n_splits=5, random_state=8238, shuffle=False), round=4, cross_validation=True, predict=True, fit_kwargs={}, groups=None, refit=False, verbose=False, system=False, metrics=None, display=<pycaret.internal.Display.Display object at 0x000001897C4F1FD0>, kwargs={})
2021-06-22 19:02:23,465:INFO:Checking exceptions
2021-06-22 19:02:23,465:INFO:Importing libraries
2021-06-22 19:02:23,465:INFO:Copying training dataset
2021-06-22 19:02:23,465:INFO:Defining folds
2021-06-22 19:02:23,465:INFO:Declaring metric variables
2021-06-22 19:02:23,475:INFO:Importing untrained model
2021-06-22 19:02:23,475:INFO:Orthogonal Matching Pursuit Imported succesfully
2021-06-22 19:02:23,506:INFO:Starting cross validation
2021-06-22 19:02:23,506:INFO:Cross validating with KFold(n_splits=5, random_state=8238, shuffle=False), n_jobs=-1
2021-06-22 19:02:23,553:INFO:Calculating mean and std
2021-06-22 19:02:23,553:INFO:Creating metrics dataframe
2021-06-22 19:02:23,553:INFO:Uploading results into container
2021-06-22 19:02:23,553:INFO:Uploading model into container now
2021-06-22 19:02:23,553:INFO:create_model_container: 7
2021-06-22 19:02:23,553:INFO:master_model_container: 7
2021-06-22 19:02:23,553:INFO:display_container: 1
2021-06-22 19:02:23,553:INFO:OrthogonalMatchingPursuit(fit_intercept=True, n_nonzero_coefs=None,
                          normalize=True, precompute='auto', tol=None)
2021-06-22 19:02:23,553:INFO:create_model() succesfully completed......................................
2021-06-22 19:02:26,488:INFO:SubProcess create_model() end ==================================
2021-06-22 19:02:26,488:INFO:Creating metrics dataframe
2021-06-22 19:02:26,504:INFO:Initializing Bayesian Ridge
2021-06-22 19:02:26,504:INFO:Total runtime is 1.5398698051770525 minutes
2021-06-22 19:02:26,519:INFO:SubProcess create_model() called ==================================
2021-06-22 19:02:26,519:INFO:Initializing create_model()
2021-06-22 19:02:26,519:INFO:create_model(estimator=br, fold=KFold(n_splits=5, random_state=8238, shuffle=False), round=4, cross_validation=True, predict=True, fit_kwargs={}, groups=None, refit=False, verbose=False, system=False, metrics=None, display=<pycaret.internal.Display.Display object at 0x000001897C4F1FD0>, kwargs={})
2021-06-22 19:02:26,519:INFO:Checking exceptions
2021-06-22 19:02:26,519:INFO:Importing libraries
2021-06-22 19:02:26,519:INFO:Copying training dataset
2021-06-22 19:02:26,519:INFO:Defining folds
2021-06-22 19:02:26,519:INFO:Declaring metric variables
2021-06-22 19:02:26,525:INFO:Importing untrained model
2021-06-22 19:02:26,525:INFO:Bayesian Ridge Imported succesfully
2021-06-22 19:02:26,556:INFO:Starting cross validation
2021-06-22 19:02:26,556:INFO:Cross validating with KFold(n_splits=5, random_state=8238, shuffle=False), n_jobs=-1
2021-06-22 19:02:26,771:INFO:Calculating mean and std
2021-06-22 19:02:26,771:INFO:Creating metrics dataframe
2021-06-22 19:02:26,771:INFO:Uploading results into container
2021-06-22 19:02:26,771:INFO:Uploading model into container now
2021-06-22 19:02:26,787:INFO:create_model_container: 8
2021-06-22 19:02:26,787:INFO:master_model_container: 8
2021-06-22 19:02:26,787:INFO:display_container: 1
2021-06-22 19:02:26,787:INFO:BayesianRidge(alpha_1=1e-06, alpha_2=1e-06, alpha_init=None,
              compute_score=False, copy_X=True, fit_intercept=True,
              lambda_1=1e-06, lambda_2=1e-06, lambda_init=None, n_iter=300,
              normalize=False, tol=0.001, verbose=False)
2021-06-22 19:02:26,787:INFO:create_model() succesfully completed......................................
2021-06-22 19:02:29,692:INFO:SubProcess create_model() end ==================================
2021-06-22 19:02:29,692:INFO:Creating metrics dataframe
2021-06-22 19:02:29,712:INFO:Initializing Passive Aggressive Regressor
2021-06-22 19:02:29,712:INFO:Total runtime is 1.5933451533317562 minutes
2021-06-22 19:02:29,720:INFO:SubProcess create_model() called ==================================
2021-06-22 19:02:29,720:INFO:Initializing create_model()
2021-06-22 19:02:29,720:INFO:create_model(estimator=par, fold=KFold(n_splits=5, random_state=8238, shuffle=False), round=4, cross_validation=True, predict=True, fit_kwargs={}, groups=None, refit=False, verbose=False, system=False, metrics=None, display=<pycaret.internal.Display.Display object at 0x000001897C4F1FD0>, kwargs={})
2021-06-22 19:02:29,720:INFO:Checking exceptions
2021-06-22 19:02:29,720:INFO:Importing libraries
2021-06-22 19:02:29,720:INFO:Copying training dataset
2021-06-22 19:02:29,720:INFO:Defining folds
2021-06-22 19:02:29,720:INFO:Declaring metric variables
2021-06-22 19:02:29,730:INFO:Importing untrained model
2021-06-22 19:02:29,746:INFO:Passive Aggressive Regressor Imported succesfully
2021-06-22 19:02:29,761:INFO:Starting cross validation
2021-06-22 19:02:29,761:INFO:Cross validating with KFold(n_splits=5, random_state=8238, shuffle=False), n_jobs=-1
2021-06-22 19:02:30,031:INFO:Calculating mean and std
2021-06-22 19:02:30,031:INFO:Creating metrics dataframe
2021-06-22 19:02:30,031:INFO:Uploading results into container
2021-06-22 19:02:30,031:INFO:Uploading model into container now
2021-06-22 19:02:30,031:INFO:create_model_container: 9
2021-06-22 19:02:30,031:INFO:master_model_container: 9
2021-06-22 19:02:30,031:INFO:display_container: 1
2021-06-22 19:02:30,031:INFO:PassiveAggressiveRegressor(C=1.0, average=False, early_stopping=False,
                           epsilon=0.1, fit_intercept=True,
                           loss='epsilon_insensitive', max_iter=1000,
                           n_iter_no_change=5, random_state=8238, shuffle=True,
                           tol=0.001, validation_fraction=0.1, verbose=0,
                           warm_start=False)
2021-06-22 19:02:30,031:INFO:create_model() succesfully completed......................................
2021-06-22 19:02:32,959:INFO:SubProcess create_model() end ==================================
2021-06-22 19:02:32,959:INFO:Creating metrics dataframe
2021-06-22 19:02:32,979:INFO:Initializing Huber Regressor
2021-06-22 19:02:32,979:INFO:Total runtime is 1.6477975447972613 minutes
2021-06-22 19:02:32,987:INFO:SubProcess create_model() called ==================================
2021-06-22 19:02:32,987:INFO:Initializing create_model()
2021-06-22 19:02:32,987:INFO:create_model(estimator=huber, fold=KFold(n_splits=5, random_state=8238, shuffle=False), round=4, cross_validation=True, predict=True, fit_kwargs={}, groups=None, refit=False, verbose=False, system=False, metrics=None, display=<pycaret.internal.Display.Display object at 0x000001897C4F1FD0>, kwargs={})
2021-06-22 19:02:32,987:INFO:Checking exceptions
2021-06-22 19:02:32,987:INFO:Importing libraries
2021-06-22 19:02:32,987:INFO:Copying training dataset
2021-06-22 19:02:32,997:INFO:Defining folds
2021-06-22 19:02:32,997:INFO:Declaring metric variables
2021-06-22 19:02:32,997:INFO:Importing untrained model
2021-06-22 19:02:33,013:INFO:Huber Regressor Imported succesfully
2021-06-22 19:02:33,028:INFO:Starting cross validation
2021-06-22 19:02:33,028:INFO:Cross validating with KFold(n_splits=5, random_state=8238, shuffle=False), n_jobs=-1
2021-06-22 19:02:33,520:INFO:Calculating mean and std
2021-06-22 19:02:33,520:INFO:Creating metrics dataframe
2021-06-22 19:02:33,520:INFO:Uploading results into container
2021-06-22 19:02:33,520:INFO:Uploading model into container now
2021-06-22 19:02:33,520:INFO:create_model_container: 10
2021-06-22 19:02:33,520:INFO:master_model_container: 10
2021-06-22 19:02:33,520:INFO:display_container: 1
2021-06-22 19:02:33,520:INFO:HuberRegressor(alpha=0.0001, epsilon=1.35, fit_intercept=True, max_iter=100,
               tol=1e-05, warm_start=False)
2021-06-22 19:02:33,520:INFO:create_model() succesfully completed......................................
2021-06-22 19:02:36,433:INFO:SubProcess create_model() end ==================================
2021-06-22 19:02:36,433:INFO:Creating metrics dataframe
2021-06-22 19:02:36,453:INFO:Initializing K Neighbors Regressor
2021-06-22 19:02:36,453:INFO:Total runtime is 1.7057009895642596 minutes
2021-06-22 19:02:36,461:INFO:SubProcess create_model() called ==================================
2021-06-22 19:02:36,461:INFO:Initializing create_model()
2021-06-22 19:02:36,461:INFO:create_model(estimator=knn, fold=KFold(n_splits=5, random_state=8238, shuffle=False), round=4, cross_validation=True, predict=True, fit_kwargs={}, groups=None, refit=False, verbose=False, system=False, metrics=None, display=<pycaret.internal.Display.Display object at 0x000001897C4F1FD0>, kwargs={})
2021-06-22 19:02:36,461:INFO:Checking exceptions
2021-06-22 19:02:36,461:INFO:Importing libraries
2021-06-22 19:02:36,461:INFO:Copying training dataset
2021-06-22 19:02:36,461:INFO:Defining folds
2021-06-22 19:02:36,461:INFO:Declaring metric variables
2021-06-22 19:02:36,471:INFO:Importing untrained model
2021-06-22 19:02:36,471:INFO:K Neighbors Regressor Imported succesfully
2021-06-22 19:02:36,503:INFO:Starting cross validation
2021-06-22 19:02:36,503:INFO:Cross validating with KFold(n_splits=5, random_state=8238, shuffle=False), n_jobs=-1
2021-06-22 19:02:36,634:INFO:Calculating mean and std
2021-06-22 19:02:36,634:INFO:Creating metrics dataframe
2021-06-22 19:02:36,650:INFO:Uploading results into container
2021-06-22 19:02:36,650:INFO:Uploading model into container now
2021-06-22 19:02:36,650:INFO:create_model_container: 11
2021-06-22 19:02:36,650:INFO:master_model_container: 11
2021-06-22 19:02:36,650:INFO:display_container: 1
2021-06-22 19:02:36,650:INFO:KNeighborsRegressor(algorithm='auto', leaf_size=30, metric='minkowski',
                    metric_params=None, n_jobs=-1, n_neighbors=5, p=2,
                    weights='uniform')
2021-06-22 19:02:36,650:INFO:create_model() succesfully completed......................................
2021-06-22 19:02:39,532:INFO:SubProcess create_model() end ==================================
2021-06-22 19:02:39,532:INFO:Creating metrics dataframe
2021-06-22 19:02:39,552:INFO:Initializing Decision Tree Regressor
2021-06-22 19:02:39,552:INFO:Total runtime is 1.7573518951733904 minutes
2021-06-22 19:02:39,560:INFO:SubProcess create_model() called ==================================
2021-06-22 19:02:39,560:INFO:Initializing create_model()
2021-06-22 19:02:39,560:INFO:create_model(estimator=dt, fold=KFold(n_splits=5, random_state=8238, shuffle=False), round=4, cross_validation=True, predict=True, fit_kwargs={}, groups=None, refit=False, verbose=False, system=False, metrics=None, display=<pycaret.internal.Display.Display object at 0x000001897C4F1FD0>, kwargs={})
2021-06-22 19:02:39,560:INFO:Checking exceptions
2021-06-22 19:02:39,560:INFO:Importing libraries
2021-06-22 19:02:39,560:INFO:Copying training dataset
2021-06-22 19:02:39,570:INFO:Defining folds
2021-06-22 19:02:39,570:INFO:Declaring metric variables
2021-06-22 19:02:39,570:INFO:Importing untrained model
2021-06-22 19:02:39,586:INFO:Decision Tree Regressor Imported succesfully
2021-06-22 19:02:39,602:INFO:Starting cross validation
2021-06-22 19:02:39,602:INFO:Cross validating with KFold(n_splits=5, random_state=8238, shuffle=False), n_jobs=-1
2021-06-22 19:02:39,718:INFO:Calculating mean and std
2021-06-22 19:02:39,718:INFO:Creating metrics dataframe
2021-06-22 19:02:39,733:INFO:Uploading results into container
2021-06-22 19:02:39,733:INFO:Uploading model into container now
2021-06-22 19:02:39,733:INFO:create_model_container: 12
2021-06-22 19:02:39,733:INFO:master_model_container: 12
2021-06-22 19:02:39,733:INFO:display_container: 1
2021-06-22 19:02:39,733:INFO:DecisionTreeRegressor(ccp_alpha=0.0, criterion='mse', max_depth=None,
                      max_features=None, max_leaf_nodes=None,
                      min_impurity_decrease=0.0, min_impurity_split=None,
                      min_samples_leaf=1, min_samples_split=2,
                      min_weight_fraction_leaf=0.0, presort='deprecated',
                      random_state=8238, splitter='best')
2021-06-22 19:02:39,733:INFO:create_model() succesfully completed......................................
2021-06-22 19:02:42,632:INFO:SubProcess create_model() end ==================================
2021-06-22 19:02:42,632:INFO:Creating metrics dataframe
2021-06-22 19:02:42,644:INFO:Initializing Random Forest Regressor
2021-06-22 19:02:42,644:INFO:Total runtime is 1.8088835954666134 minutes
2021-06-22 19:02:42,652:INFO:SubProcess create_model() called ==================================
2021-06-22 19:02:42,652:INFO:Initializing create_model()
2021-06-22 19:02:42,662:INFO:create_model(estimator=rf, fold=KFold(n_splits=5, random_state=8238, shuffle=False), round=4, cross_validation=True, predict=True, fit_kwargs={}, groups=None, refit=False, verbose=False, system=False, metrics=None, display=<pycaret.internal.Display.Display object at 0x000001897C4F1FD0>, kwargs={})
2021-06-22 19:02:42,662:INFO:Checking exceptions
2021-06-22 19:02:42,662:INFO:Importing libraries
2021-06-22 19:02:42,662:INFO:Copying training dataset
2021-06-22 19:02:42,662:INFO:Defining folds
2021-06-22 19:02:42,662:INFO:Declaring metric variables
2021-06-22 19:02:42,662:INFO:Importing untrained model
2021-06-22 19:02:42,678:INFO:Random Forest Regressor Imported succesfully
2021-06-22 19:02:42,694:INFO:Starting cross validation
2021-06-22 19:02:42,694:INFO:Cross validating with KFold(n_splits=5, random_state=8238, shuffle=False), n_jobs=-1
2021-06-22 19:02:45,399:INFO:Calculating mean and std
2021-06-22 19:02:45,415:INFO:Creating metrics dataframe
2021-06-22 19:02:45,415:INFO:Uploading results into container
2021-06-22 19:02:45,415:INFO:Uploading model into container now
2021-06-22 19:02:45,415:INFO:create_model_container: 13
2021-06-22 19:02:45,415:INFO:master_model_container: 13
2021-06-22 19:02:45,415:INFO:display_container: 1
2021-06-22 19:02:45,415:INFO:RandomForestRegressor(bootstrap=True, ccp_alpha=0.0, criterion='mse',
                      max_depth=None, max_features='auto', max_leaf_nodes=None,
                      max_samples=None, min_impurity_decrease=0.0,
                      min_impurity_split=None, min_samples_leaf=1,
                      min_samples_split=2, min_weight_fraction_leaf=0.0,
                      n_estimators=100, n_jobs=-1, oob_score=False,
                      random_state=8238, verbose=0, warm_start=False)
2021-06-22 19:02:45,415:INFO:create_model() succesfully completed......................................
2021-06-22 19:02:48,309:INFO:SubProcess create_model() end ==================================
2021-06-22 19:02:48,309:INFO:Creating metrics dataframe
2021-06-22 19:02:48,330:INFO:Initializing Extra Trees Regressor
2021-06-22 19:02:48,330:INFO:Total runtime is 1.9036385416984554 minutes
2021-06-22 19:02:48,338:INFO:SubProcess create_model() called ==================================
2021-06-22 19:02:48,338:INFO:Initializing create_model()
2021-06-22 19:02:48,338:INFO:create_model(estimator=et, fold=KFold(n_splits=5, random_state=8238, shuffle=False), round=4, cross_validation=True, predict=True, fit_kwargs={}, groups=None, refit=False, verbose=False, system=False, metrics=None, display=<pycaret.internal.Display.Display object at 0x000001897C4F1FD0>, kwargs={})
2021-06-22 19:02:48,338:INFO:Checking exceptions
2021-06-22 19:02:48,338:INFO:Importing libraries
2021-06-22 19:02:48,338:INFO:Copying training dataset
2021-06-22 19:02:48,338:INFO:Defining folds
2021-06-22 19:02:48,338:INFO:Declaring metric variables
2021-06-22 19:02:48,350:INFO:Importing untrained model
2021-06-22 19:02:48,358:INFO:Extra Trees Regressor Imported succesfully
2021-06-22 19:02:48,368:INFO:Starting cross validation
2021-06-22 19:02:48,368:INFO:Cross validating with KFold(n_splits=5, random_state=8238, shuffle=False), n_jobs=-1
2021-06-22 19:02:50,538:INFO:Calculating mean and std
2021-06-22 19:02:50,538:INFO:Creating metrics dataframe
2021-06-22 19:02:50,554:INFO:Uploading results into container
2021-06-22 19:02:50,554:INFO:Uploading model into container now
2021-06-22 19:02:50,554:INFO:create_model_container: 14
2021-06-22 19:02:50,554:INFO:master_model_container: 14
2021-06-22 19:02:50,554:INFO:display_container: 1
2021-06-22 19:02:50,554:INFO:ExtraTreesRegressor(bootstrap=False, ccp_alpha=0.0, criterion='mse',
                    max_depth=None, max_features='auto', max_leaf_nodes=None,
                    max_samples=None, min_impurity_decrease=0.0,
                    min_impurity_split=None, min_samples_leaf=1,
                    min_samples_split=2, min_weight_fraction_leaf=0.0,
                    n_estimators=100, n_jobs=-1, oob_score=False,
                    random_state=8238, verbose=0, warm_start=False)
2021-06-22 19:02:50,554:INFO:create_model() succesfully completed......................................
2021-06-22 19:02:53,481:INFO:SubProcess create_model() end ==================================
2021-06-22 19:02:53,481:INFO:Creating metrics dataframe
2021-06-22 19:02:53,510:INFO:Initializing AdaBoost Regressor
2021-06-22 19:02:53,510:INFO:Total runtime is 1.9899722615877782 minutes
2021-06-22 19:02:53,520:INFO:SubProcess create_model() called ==================================
2021-06-22 19:02:53,520:INFO:Initializing create_model()
2021-06-22 19:02:53,520:INFO:create_model(estimator=ada, fold=KFold(n_splits=5, random_state=8238, shuffle=False), round=4, cross_validation=True, predict=True, fit_kwargs={}, groups=None, refit=False, verbose=False, system=False, metrics=None, display=<pycaret.internal.Display.Display object at 0x000001897C4F1FD0>, kwargs={})
2021-06-22 19:02:53,520:INFO:Checking exceptions
2021-06-22 19:02:53,520:INFO:Importing libraries
2021-06-22 19:02:53,520:INFO:Copying training dataset
2021-06-22 19:02:53,520:INFO:Defining folds
2021-06-22 19:02:53,520:INFO:Declaring metric variables
2021-06-22 19:02:53,535:INFO:Importing untrained model
2021-06-22 19:02:53,535:INFO:AdaBoost Regressor Imported succesfully
2021-06-22 19:02:53,567:INFO:Starting cross validation
2021-06-22 19:02:53,567:INFO:Cross validating with KFold(n_splits=5, random_state=8238, shuffle=False), n_jobs=-1
2021-06-22 19:02:54,323:INFO:Calculating mean and std
2021-06-22 19:02:54,323:INFO:Creating metrics dataframe
2021-06-22 19:02:54,325:INFO:Uploading results into container
2021-06-22 19:02:54,325:INFO:Uploading model into container now
2021-06-22 19:02:54,325:INFO:create_model_container: 15
2021-06-22 19:02:54,325:INFO:master_model_container: 15
2021-06-22 19:02:54,325:INFO:display_container: 1
2021-06-22 19:02:54,325:INFO:AdaBoostRegressor(base_estimator=None, learning_rate=1.0, loss='linear',
                  n_estimators=50, random_state=8238)
2021-06-22 19:02:54,325:INFO:create_model() succesfully completed......................................
2021-06-22 19:02:57,214:INFO:SubProcess create_model() end ==================================
2021-06-22 19:02:57,214:INFO:Creating metrics dataframe
2021-06-22 19:02:57,234:INFO:Initializing Gradient Boosting Regressor
2021-06-22 19:02:57,234:INFO:Total runtime is 2.0520443995793656 minutes
2021-06-22 19:02:57,252:INFO:SubProcess create_model() called ==================================
2021-06-22 19:02:57,252:INFO:Initializing create_model()
2021-06-22 19:02:57,252:INFO:create_model(estimator=gbr, fold=KFold(n_splits=5, random_state=8238, shuffle=False), round=4, cross_validation=True, predict=True, fit_kwargs={}, groups=None, refit=False, verbose=False, system=False, metrics=None, display=<pycaret.internal.Display.Display object at 0x000001897C4F1FD0>, kwargs={})
2021-06-22 19:02:57,252:INFO:Checking exceptions
2021-06-22 19:02:57,252:INFO:Importing libraries
2021-06-22 19:02:57,252:INFO:Copying training dataset
2021-06-22 19:02:57,252:INFO:Defining folds
2021-06-22 19:02:57,252:INFO:Declaring metric variables
2021-06-22 19:02:57,252:INFO:Importing untrained model
2021-06-22 19:02:57,268:INFO:Gradient Boosting Regressor Imported succesfully
2021-06-22 19:02:57,283:INFO:Starting cross validation
2021-06-22 19:02:57,283:INFO:Cross validating with KFold(n_splits=5, random_state=8238, shuffle=False), n_jobs=-1
2021-06-22 19:02:58,589:INFO:Calculating mean and std
2021-06-22 19:02:58,589:INFO:Creating metrics dataframe
2021-06-22 19:02:58,589:INFO:Uploading results into container
2021-06-22 19:02:58,589:INFO:Uploading model into container now
2021-06-22 19:02:58,589:INFO:create_model_container: 16
2021-06-22 19:02:58,589:INFO:master_model_container: 16
2021-06-22 19:02:58,589:INFO:display_container: 1
2021-06-22 19:02:58,589:INFO:GradientBoostingRegressor(alpha=0.9, ccp_alpha=0.0, criterion='friedman_mse',
                          init=None, learning_rate=0.1, loss='ls', max_depth=3,
                          max_features=None, max_leaf_nodes=None,
                          min_impurity_decrease=0.0, min_impurity_split=None,
                          min_samples_leaf=1, min_samples_split=2,
                          min_weight_fraction_leaf=0.0, n_estimators=100,
                          n_iter_no_change=None, presort='deprecated',
                          random_state=8238, subsample=1.0, tol=0.0001,
                          validation_fraction=0.1, verbose=0, warm_start=False)
2021-06-22 19:02:58,597:INFO:create_model() succesfully completed......................................
2021-06-22 19:03:01,482:INFO:SubProcess create_model() end ==================================
2021-06-22 19:03:01,482:INFO:Creating metrics dataframe
2021-06-22 19:03:01,503:INFO:Initializing Extreme Gradient Boosting
2021-06-22 19:03:01,503:INFO:Total runtime is 2.1231901685396823 minutes
2021-06-22 19:03:01,511:INFO:SubProcess create_model() called ==================================
2021-06-22 19:03:01,511:INFO:Initializing create_model()
2021-06-22 19:03:01,511:INFO:create_model(estimator=xgboost, fold=KFold(n_splits=5, random_state=8238, shuffle=False), round=4, cross_validation=True, predict=True, fit_kwargs={}, groups=None, refit=False, verbose=False, system=False, metrics=None, display=<pycaret.internal.Display.Display object at 0x000001897C4F1FD0>, kwargs={})
2021-06-22 19:03:01,511:INFO:Checking exceptions
2021-06-22 19:03:01,511:INFO:Importing libraries
2021-06-22 19:03:01,511:INFO:Copying training dataset
2021-06-22 19:03:01,521:INFO:Defining folds
2021-06-22 19:03:01,521:INFO:Declaring metric variables
2021-06-22 19:03:01,521:INFO:Importing untrained model
2021-06-22 19:03:01,537:INFO:Extreme Gradient Boosting Imported succesfully
2021-06-22 19:03:01,552:INFO:Starting cross validation
2021-06-22 19:03:01,552:INFO:Cross validating with KFold(n_splits=5, random_state=8238, shuffle=False), n_jobs=-1
2021-06-22 19:03:04,182:INFO:Calculating mean and std
2021-06-22 19:03:04,182:INFO:Creating metrics dataframe
2021-06-22 19:03:04,193:INFO:Uploading results into container
2021-06-22 19:03:04,193:INFO:Uploading model into container now
2021-06-22 19:03:04,193:INFO:create_model_container: 17
2021-06-22 19:03:04,193:INFO:master_model_container: 17
2021-06-22 19:03:04,193:INFO:display_container: 1
2021-06-22 19:03:04,193:INFO:XGBRegressor(base_score=None, booster='gbtree', colsample_bylevel=None,
             colsample_bynode=None, colsample_bytree=None, gamma=None,
             gpu_id=None, importance_type='gain', interaction_constraints=None,
             learning_rate=None, max_delta_step=None, max_depth=None,
             min_child_weight=None, missing=nan, monotone_constraints=None,
             n_estimators=100, n_jobs=-1, num_parallel_tree=None,
             objective='reg:squarederror', random_state=8238, reg_alpha=None,
             reg_lambda=None, scale_pos_weight=None, subsample=None,
             tree_method='auto', validate_parameters=None, verbosity=0)
2021-06-22 19:03:04,193:INFO:create_model() succesfully completed......................................
2021-06-22 19:03:07,167:INFO:SubProcess create_model() end ==================================
2021-06-22 19:03:07,167:INFO:Creating metrics dataframe
2021-06-22 19:03:07,188:INFO:Initializing Light Gradient Boosting Machine
2021-06-22 19:03:07,188:INFO:Total runtime is 2.2179403424262993 minutes
2021-06-22 19:03:07,198:INFO:SubProcess create_model() called ==================================
2021-06-22 19:03:07,198:INFO:Initializing create_model()
2021-06-22 19:03:07,198:INFO:create_model(estimator=lightgbm, fold=KFold(n_splits=5, random_state=8238, shuffle=False), round=4, cross_validation=True, predict=True, fit_kwargs={}, groups=None, refit=False, verbose=False, system=False, metrics=None, display=<pycaret.internal.Display.Display object at 0x000001897C4F1FD0>, kwargs={})
2021-06-22 19:03:07,198:INFO:Checking exceptions
2021-06-22 19:03:07,198:INFO:Importing libraries
2021-06-22 19:03:07,198:INFO:Copying training dataset
2021-06-22 19:03:07,198:INFO:Defining folds
2021-06-22 19:03:07,198:INFO:Declaring metric variables
2021-06-22 19:03:07,206:INFO:Importing untrained model
2021-06-22 19:03:07,218:INFO:Light Gradient Boosting Machine Imported succesfully
2021-06-22 19:03:07,246:INFO:Starting cross validation
2021-06-22 19:03:07,246:INFO:Cross validating with KFold(n_splits=5, random_state=8238, shuffle=False), n_jobs=-1
2021-06-22 19:03:08,835:INFO:Calculating mean and std
2021-06-22 19:03:08,835:INFO:Creating metrics dataframe
2021-06-22 19:03:08,835:INFO:Uploading results into container
2021-06-22 19:03:08,835:INFO:Uploading model into container now
2021-06-22 19:03:08,835:INFO:create_model_container: 18
2021-06-22 19:03:08,835:INFO:master_model_container: 18
2021-06-22 19:03:08,835:INFO:display_container: 1
2021-06-22 19:03:08,835:INFO:LGBMRegressor(boosting_type='gbdt', class_weight=None, colsample_bytree=1.0,
              importance_type='split', learning_rate=0.1, max_depth=-1,
              min_child_samples=20, min_child_weight=0.001, min_split_gain=0.0,
              n_estimators=100, n_jobs=-1, num_leaves=31, objective=None,
              random_state=8238, reg_alpha=0.0, reg_lambda=0.0, silent=True,
              subsample=1.0, subsample_for_bin=200000, subsample_freq=0)
2021-06-22 19:03:08,835:INFO:create_model() succesfully completed......................................
2021-06-22 19:03:11,744:INFO:SubProcess create_model() end ==================================
2021-06-22 19:03:11,744:INFO:Creating metrics dataframe
2021-06-22 19:03:11,764:INFO:Initializing CatBoost Regressor
2021-06-22 19:03:11,764:INFO:Total runtime is 2.2942143400510147 minutes
2021-06-22 19:03:11,772:INFO:SubProcess create_model() called ==================================
2021-06-22 19:03:11,772:INFO:Initializing create_model()
2021-06-22 19:03:11,772:INFO:create_model(estimator=catboost, fold=KFold(n_splits=5, random_state=8238, shuffle=False), round=4, cross_validation=True, predict=True, fit_kwargs={}, groups=None, refit=False, verbose=False, system=False, metrics=None, display=<pycaret.internal.Display.Display object at 0x000001897C4F1FD0>, kwargs={})
2021-06-22 19:03:11,772:INFO:Checking exceptions
2021-06-22 19:03:11,772:INFO:Importing libraries
2021-06-22 19:03:11,772:INFO:Copying training dataset
2021-06-22 19:03:11,772:INFO:Defining folds
2021-06-22 19:03:11,772:INFO:Declaring metric variables
2021-06-22 19:03:11,782:INFO:Importing untrained model
2021-06-22 19:03:11,883:INFO:CatBoost Regressor Imported succesfully
2021-06-22 19:03:11,914:INFO:Starting cross validation
2021-06-22 19:03:11,914:INFO:Cross validating with KFold(n_splits=5, random_state=8238, shuffle=False), n_jobs=-1
2021-06-22 19:03:16,078:INFO:Calculating mean and std
2021-06-22 19:03:16,078:INFO:Creating metrics dataframe
2021-06-22 19:03:16,093:INFO:Uploading results into container
2021-06-22 19:03:16,093:INFO:Uploading model into container now
2021-06-22 19:03:16,093:INFO:create_model_container: 19
2021-06-22 19:03:16,093:INFO:master_model_container: 19
2021-06-22 19:03:16,093:INFO:display_container: 1
2021-06-22 19:03:16,093:INFO:<catboost.core.CatBoostRegressor object at 0x000001890381B7C0>
2021-06-22 19:03:16,093:INFO:create_model() succesfully completed......................................
2021-06-22 19:03:18,987:INFO:SubProcess create_model() end ==================================
2021-06-22 19:03:18,987:INFO:Creating metrics dataframe
2021-06-22 19:03:19,035:INFO:Initializing create_model()
2021-06-22 19:03:19,035:INFO:create_model(estimator=GradientBoostingRegressor(alpha=0.9, ccp_alpha=0.0, criterion='friedman_mse',
                          init=None, learning_rate=0.1, loss='ls', max_depth=3,
                          max_features=None, max_leaf_nodes=None,
                          min_impurity_decrease=0.0, min_impurity_split=None,
                          min_samples_leaf=1, min_samples_split=2,
                          min_weight_fraction_leaf=0.0, n_estimators=100,
                          n_iter_no_change=None, presort='deprecated',
                          random_state=8238, subsample=1.0, tol=0.0001,
                          validation_fraction=0.1, verbose=0, warm_start=False), fold=KFold(n_splits=5, random_state=8238, shuffle=False), round=4, cross_validation=False, predict=False, fit_kwargs={}, groups=None, refit=True, verbose=False, system=False, metrics=None, display=None, kwargs={})
2021-06-22 19:03:19,035:INFO:Checking exceptions
2021-06-22 19:03:19,035:INFO:Importing libraries
2021-06-22 19:03:19,035:INFO:Copying training dataset
2021-06-22 19:03:19,035:INFO:Defining folds
2021-06-22 19:03:19,035:INFO:Declaring metric variables
2021-06-22 19:03:19,035:INFO:Importing untrained model
2021-06-22 19:03:19,035:INFO:Declaring custom model
2021-06-22 19:03:19,035:INFO:Gradient Boosting Regressor Imported succesfully
2021-06-22 19:03:19,035:INFO:Cross validation set to False
2021-06-22 19:03:19,035:INFO:Fitting Model
2021-06-22 19:03:19,793:INFO:GradientBoostingRegressor(alpha=0.9, ccp_alpha=0.0, criterion='friedman_mse',
                          init=None, learning_rate=0.1, loss='ls', max_depth=3,
                          max_features=None, max_leaf_nodes=None,
                          min_impurity_decrease=0.0, min_impurity_split=None,
                          min_samples_leaf=1, min_samples_split=2,
                          min_weight_fraction_leaf=0.0, n_estimators=100,
                          n_iter_no_change=None, presort='deprecated',
                          random_state=8238, subsample=1.0, tol=0.0001,
                          validation_fraction=0.1, verbose=0, warm_start=False)
2021-06-22 19:03:19,793:INFO:create_models() succesfully completed......................................
2021-06-22 19:03:22,696:INFO:Creating MLFlow logs
2021-06-22 19:03:22,704:INFO:Model: Gradient Boosting Regressor
2021-06-22 19:03:22,930:INFO:logged params: {'alpha': 0.9, 'ccp_alpha': 0.0, 'criterion': 'friedman_mse', 'init': None, 'learning_rate': 0.1, 'loss': 'ls', 'max_depth': 3, 'max_features': None, 'max_leaf_nodes': None, 'min_impurity_decrease': 0.0, 'min_impurity_split': None, 'min_samples_leaf': 1, 'min_samples_split': 2, 'min_weight_fraction_leaf': 0.0, 'n_estimators': 100, 'n_iter_no_change': None, 'presort': 'deprecated', 'random_state': 8238, 'subsample': 1.0, 'tol': 0.0001, 'validation_fraction': 0.1, 'verbose': 0, 'warm_start': False}
2021-06-22 19:03:23,177:INFO:Initializing predict_model()
2021-06-22 19:03:23,177:INFO:predict_model(estimator=GradientBoostingRegressor(alpha=0.9, ccp_alpha=0.0, criterion='friedman_mse',
                          init=None, learning_rate=0.1, loss='ls', max_depth=3,
                          max_features=None, max_leaf_nodes=None,
                          min_impurity_decrease=0.0, min_impurity_split=None,
                          min_samples_leaf=1, min_samples_split=2,
                          min_weight_fraction_leaf=0.0, n_estimators=100,
                          n_iter_no_change=None, presort='deprecated',
                          random_state=8238, subsample=1.0, tol=0.0001,
                          validation_fraction=0.1, verbose=0, warm_start=False), probability_threshold=None, encoded_labels=False, round=4, verbose=False, ml_usecase=None, display=None)
2021-06-22 19:03:23,177:INFO:Checking exceptions
2021-06-22 19:03:23,177:INFO:Preloading libraries
2021-06-22 19:03:29,231:INFO:Creating MLFlow logs
2021-06-22 19:03:29,243:INFO:Model: Extra Trees Regressor
2021-06-22 19:03:29,283:INFO:logged params: {'bootstrap': False, 'ccp_alpha': 0.0, 'criterion': 'mse', 'max_depth': None, 'max_features': 'auto', 'max_leaf_nodes': None, 'max_samples': None, 'min_impurity_decrease': 0.0, 'min_impurity_split': None, 'min_samples_leaf': 1, 'min_samples_split': 2, 'min_weight_fraction_leaf': 0.0, 'n_estimators': 100, 'n_jobs': -1, 'oob_score': False, 'random_state': 8238, 'verbose': 0, 'warm_start': False}
2021-06-22 19:03:32,562:INFO:Creating MLFlow logs
2021-06-22 19:03:32,577:INFO:Model: Extreme Gradient Boosting
2021-06-22 19:03:32,693:INFO:logged params: {'objective': 'reg:squarederror', 'base_score': None, 'booster': 'gbtree', 'colsample_bylevel': None, 'colsample_bynode': None, 'colsample_bytree': None, 'gamma': None, 'gpu_id': None, 'importance_type': 'gain', 'interaction_constraints': None, 'learning_rate': None, 'max_delta_step': None, 'max_depth': None, 'min_child_weight': None, 'missing': nan, 'monotone_constraints': None, 'n_estimators': 100, 'n_jobs': -1, 'num_parallel_tree': None, 'random_state': 8238, 'reg_alpha': None, 'reg_lambda': None, 'scale_pos_weight': None, 'subsample': None, 'tree_method': 'auto', 'validate_parameters': None, 'verbosity': 0}
2021-06-22 19:03:36,297:INFO:Creating MLFlow logs
2021-06-22 19:03:36,307:INFO:Model: Random Forest Regressor
2021-06-22 19:03:36,333:INFO:logged params: {'bootstrap': True, 'ccp_alpha': 0.0, 'criterion': 'mse', 'max_depth': None, 'max_features': 'auto', 'max_leaf_nodes': None, 'max_samples': None, 'min_impurity_decrease': 0.0, 'min_impurity_split': None, 'min_samples_leaf': 1, 'min_samples_split': 2, 'min_weight_fraction_leaf': 0.0, 'n_estimators': 100, 'n_jobs': -1, 'oob_score': False, 'random_state': 8238, 'verbose': 0, 'warm_start': False}
2021-06-22 19:03:40,089:INFO:Creating MLFlow logs
2021-06-22 19:03:40,099:INFO:Model: Light Gradient Boosting Machine
2021-06-22 19:03:42,312:INFO:logged params: {'boosting_type': 'gbdt', 'class_weight': None, 'colsample_bytree': 1.0, 'importance_type': 'split', 'learning_rate': 0.1, 'max_depth': -1, 'min_child_samples': 20, 'min_child_weight': 0.001, 'min_split_gain': 0.0, 'n_estimators': 100, 'n_jobs': -1, 'num_leaves': 31, 'objective': None, 'random_state': 8238, 'reg_alpha': 0.0, 'reg_lambda': 0.0, 'silent': True, 'subsample': 1.0, 'subsample_for_bin': 200000, 'subsample_freq': 0}
2021-06-22 19:03:47,125:INFO:Creating MLFlow logs
2021-06-22 19:03:47,133:INFO:Model: Decision Tree Regressor
2021-06-22 19:03:47,290:INFO:logged params: {'ccp_alpha': 0.0, 'criterion': 'mse', 'max_depth': None, 'max_features': None, 'max_leaf_nodes': None, 'min_impurity_decrease': 0.0, 'min_impurity_split': None, 'min_samples_leaf': 1, 'min_samples_split': 2, 'min_weight_fraction_leaf': 0.0, 'presort': 'deprecated', 'random_state': 8238, 'splitter': 'best'}
2021-06-22 19:03:55,070:INFO:Creating MLFlow logs
2021-06-22 19:03:55,080:INFO:Model: Ridge Regression
2021-06-22 19:03:56,043:INFO:logged params: {'alpha': 1.0, 'copy_X': True, 'fit_intercept': True, 'max_iter': None, 'normalize': False, 'random_state': 8238, 'solver': 'auto', 'tol': 0.001}
2021-06-22 19:04:00,368:INFO:Creating MLFlow logs
2021-06-22 19:04:00,383:INFO:Model: Bayesian Ridge
2021-06-22 19:04:00,421:INFO:logged params: {'alpha_1': 1e-06, 'alpha_2': 1e-06, 'alpha_init': None, 'compute_score': False, 'copy_X': True, 'fit_intercept': True, 'lambda_1': 1e-06, 'lambda_2': 1e-06, 'lambda_init': None, 'n_iter': 300, 'normalize': False, 'tol': 0.001, 'verbose': False}
2021-06-22 19:04:04,062:INFO:Creating MLFlow logs
2021-06-22 19:04:04,080:INFO:Model: Least Angle Regression
2021-06-22 19:04:04,651:INFO:logged params: {'copy_X': True, 'eps': 2.220446049250313e-16, 'fit_intercept': True, 'fit_path': True, 'jitter': None, 'n_nonzero_coefs': 500, 'normalize': True, 'precompute': 'auto', 'random_state': 8238, 'verbose': False}
2021-06-22 19:04:08,303:INFO:Creating MLFlow logs
2021-06-22 19:04:08,319:INFO:Model: Lasso Regression
2021-06-22 19:04:08,521:INFO:logged params: {'alpha': 1.0, 'copy_X': True, 'fit_intercept': True, 'max_iter': 1000, 'normalize': False, 'positive': False, 'precompute': False, 'random_state': 8238, 'selection': 'cyclic', 'tol': 0.0001, 'warm_start': False}
2021-06-22 19:04:12,140:INFO:Creating MLFlow logs
2021-06-22 19:04:12,152:INFO:Model: Linear Regression
2021-06-22 19:04:12,212:INFO:logged params: {'copy_X': True, 'fit_intercept': True, 'n_jobs': -1, 'normalize': False}
2021-06-22 19:04:16,224:INFO:Creating MLFlow logs
2021-06-22 19:04:16,235:INFO:Model: Elastic Net
2021-06-22 19:04:16,558:INFO:logged params: {'alpha': 1.0, 'copy_X': True, 'fit_intercept': True, 'l1_ratio': 0.5, 'max_iter': 1000, 'normalize': False, 'positive': False, 'precompute': False, 'random_state': 8238, 'selection': 'cyclic', 'tol': 0.0001, 'warm_start': False}
2021-06-22 19:04:20,582:INFO:Creating MLFlow logs
2021-06-22 19:04:20,598:INFO:Model: Least Angle Regression
2021-06-22 19:04:20,983:INFO:logged params: {'alpha': 1.0, 'copy_X': True, 'eps': 2.220446049250313e-16, 'fit_intercept': True, 'fit_path': True, 'jitter': None, 'max_iter': 500, 'normalize': True, 'positive': False, 'precompute': 'auto', 'random_state': 8238, 'verbose': False}
2021-06-22 19:04:24,930:INFO:Creating MLFlow logs
2021-06-22 19:04:24,942:INFO:Model: Orthogonal Matching Pursuit
2021-06-22 19:04:25,015:INFO:logged params: {'fit_intercept': True, 'n_nonzero_coefs': None, 'normalize': True, 'precompute': 'auto', 'tol': None}
2021-06-22 19:04:28,811:INFO:Creating MLFlow logs
2021-06-22 19:04:28,823:INFO:Model: AdaBoost Regressor
2021-06-22 19:04:28,969:INFO:logged params: {'base_estimator': None, 'learning_rate': 1.0, 'loss': 'linear', 'n_estimators': 50, 'random_state': 8238}
2021-06-22 19:04:32,897:INFO:Creating MLFlow logs
2021-06-22 19:04:32,908:INFO:Model: K Neighbors Regressor
2021-06-22 19:04:33,109:INFO:logged params: {'algorithm': 'auto', 'leaf_size': 30, 'metric': 'minkowski', 'metric_params': None, 'n_jobs': -1, 'n_neighbors': 5, 'p': 2, 'weights': 'uniform'}
2021-06-22 19:04:37,138:INFO:Creating MLFlow logs
2021-06-22 19:04:37,150:INFO:Model: Huber Regressor
2021-06-22 19:04:37,754:INFO:logged params: {'alpha': 0.0001, 'epsilon': 1.35, 'fit_intercept': True, 'max_iter': 100, 'tol': 1e-05, 'warm_start': False}
2021-06-22 19:04:41,923:INFO:Creating MLFlow logs
2021-06-22 19:04:41,935:INFO:Model: CatBoost Regressor
2021-06-22 19:04:42,452:INFO:logged params: {'loss_function': 'RMSE', 'border_count': 254, 'verbose': False, 'task_type': 'CPU', 'random_state': 8238}
2021-06-22 19:04:46,210:INFO:Creating MLFlow logs
2021-06-22 19:04:46,221:INFO:Model: Passive Aggressive Regressor
2021-06-22 19:04:46,261:INFO:logged params: {'C': 1.0, 'average': False, 'early_stopping': False, 'epsilon': 0.1, 'fit_intercept': True, 'loss': 'epsilon_insensitive', 'max_iter': 1000, 'n_iter_no_change': 5, 'random_state': 8238, 'shuffle': True, 'tol': 0.001, 'validation_fraction': 0.1, 'verbose': 0, 'warm_start': False}
2021-06-22 19:04:51,099:INFO:create_model_container: 19
2021-06-22 19:04:51,099:INFO:master_model_container: 19
2021-06-22 19:04:51,099:INFO:display_container: 1
2021-06-22 19:04:51,100:INFO:GradientBoostingRegressor(alpha=0.9, ccp_alpha=0.0, criterion='friedman_mse',
                          init=None, learning_rate=0.1, loss='ls', max_depth=3,
                          max_features=None, max_leaf_nodes=None,
                          min_impurity_decrease=0.0, min_impurity_split=None,
                          min_samples_leaf=1, min_samples_split=2,
                          min_weight_fraction_leaf=0.0, n_estimators=100,
                          n_iter_no_change=None, presort='deprecated',
                          random_state=8238, subsample=1.0, tol=0.0001,
                          validation_fraction=0.1, verbose=0, warm_start=False)
2021-06-22 19:04:51,100:INFO:compare_models() succesfully completed......................................
2021-06-22 19:06:14,967:INFO:gpu_param set to False
2021-06-22 19:26:18,249:INFO:Initializing create_model()
2021-06-22 19:26:18,249:INFO:create_model(estimator=catboost, fold=5, round=4, cross_validation=True, predict=True, fit_kwargs=None, groups=None, refit=True, verbose=True, system=True, metrics=None, display=None, kwargs={})
2021-06-22 19:26:18,249:INFO:Checking exceptions
2021-06-22 19:26:18,318:INFO:Preparing display monitor
2021-06-22 19:26:18,966:INFO:Importing libraries
2021-06-22 19:26:18,966:INFO:Copying training dataset
2021-06-22 19:26:18,982:INFO:Defining folds
2021-06-22 19:26:19,020:INFO:Declaring metric variables
2021-06-22 19:26:19,020:INFO:Importing untrained model
2021-06-22 19:26:19,082:INFO:CatBoost Regressor Imported succesfully
2021-06-22 19:26:19,104:INFO:Starting cross validation
2021-06-22 19:26:19,421:INFO:Cross validating with KFold(n_splits=5, random_state=8238, shuffle=False), n_jobs=-1
2021-06-22 19:27:30,557:INFO:Calculating mean and std
2021-06-22 19:27:30,557:INFO:Creating metrics dataframe
2021-06-22 19:27:30,651:INFO:Finalizing model
2021-06-22 19:27:36,310:INFO:Creating MLFlow logs
2021-06-22 19:27:37,367:INFO:Model: CatBoost Regressor
2021-06-22 19:27:38,819:INFO:logged params: {'nan_mode': 'Min', 'eval_metric': 'RMSE', 'iterations': 1000, 'sampling_frequency': 'PerTree', 'leaf_estimation_method': 'Newton', 'grow_policy': 'SymmetricTree', 'penalties_coefficient': 1, 'boosting_type': 'Plain', 'model_shrink_mode': 'Constant', 'feature_border_type': 'GreedyLogSum', 'bayesian_matrix_reg': 0.10000000149011612, 'l2_leaf_reg': 3, 'random_strength': 1, 'rsm': 1, 'boost_from_average': True, 'model_size_reg': 0.5, 'pool_metainfo_options': {'tags': {}}, 'subsample': 0.800000011920929, 'use_best_model': False, 'random_seed': 8238, 'depth': 6, 'posterior_sampling': False, 'border_count': 254, 'classes_count': 0, 'auto_class_weights': 'None', 'sparse_features_conflict_fraction': 0, 'leaf_estimation_backtracking': 'AnyImprovement', 'best_model_min_trees': 1, 'model_shrink_rate': 0, 'min_data_in_leaf': 1, 'loss_function': 'RMSE', 'learning_rate': 0.05584700033068657, 'score_function': 'Cosine', 'task_type': 'CPU', 'leaf_estimation_iterations': 1, 'bootstrap_type': 'MVS', 'max_leaves': 64}
2021-06-22 19:27:40,037:INFO:Initializing predict_model()
2021-06-22 19:27:40,037:INFO:predict_model(estimator=<catboost.core.CatBoostRegressor object at 0x000001890379B2B0>, probability_threshold=None, encoded_labels=False, round=4, verbose=False, ml_usecase=None, display=None)
2021-06-22 19:27:40,037:INFO:Checking exceptions
2021-06-22 19:27:40,038:INFO:Preloading libraries
2021-06-22 19:28:38,975:INFO:Uploading results into container
2021-06-22 19:28:38,975:INFO:Uploading model into container now
2021-06-22 19:28:39,032:INFO:create_model_container: 20
2021-06-22 19:28:39,032:INFO:master_model_container: 20
2021-06-22 19:28:39,032:INFO:display_container: 2
2021-06-22 19:28:39,032:INFO:<catboost.core.CatBoostRegressor object at 0x000001890379B2B0>
2021-06-22 19:28:39,032:INFO:create_model() succesfully completed......................................
2021-06-22 19:31:29,456:INFO:Initializing create_model()
2021-06-22 19:31:29,456:INFO:create_model(estimator=catboost, fold=5, round=4, cross_validation=True, predict=True, fit_kwargs=None, groups=None, refit=True, verbose=True, system=True, metrics=None, display=None, kwargs={})
2021-06-22 19:31:29,456:INFO:Checking exceptions
2021-06-22 19:31:29,456:INFO:Preparing display monitor
2021-06-22 19:31:29,810:INFO:Importing libraries
2021-06-22 19:31:29,810:INFO:Copying training dataset
2021-06-22 19:31:29,810:INFO:Defining folds
2021-06-22 19:31:29,810:INFO:Declaring metric variables
2021-06-22 19:31:29,863:INFO:Importing untrained model
2021-06-22 19:31:29,941:INFO:CatBoost Regressor Imported succesfully
2021-06-22 19:31:29,964:INFO:Starting cross validation
2021-06-22 19:31:29,979:INFO:Cross validating with KFold(n_splits=5, random_state=8238, shuffle=False), n_jobs=-1
2021-06-22 19:31:37,436:INFO:Calculating mean and std
2021-06-22 19:31:37,452:INFO:Creating metrics dataframe
2021-06-22 19:31:37,452:INFO:Finalizing model
2021-06-22 19:31:42,543:INFO:Creating MLFlow logs
2021-06-22 19:31:42,561:INFO:Model: CatBoost Regressor
2021-06-22 19:31:43,910:INFO:logged params: {'nan_mode': 'Min', 'eval_metric': 'RMSE', 'iterations': 1000, 'sampling_frequency': 'PerTree', 'leaf_estimation_method': 'Newton', 'grow_policy': 'SymmetricTree', 'penalties_coefficient': 1, 'boosting_type': 'Plain', 'model_shrink_mode': 'Constant', 'feature_border_type': 'GreedyLogSum', 'bayesian_matrix_reg': 0.10000000149011612, 'l2_leaf_reg': 3, 'random_strength': 1, 'rsm': 1, 'boost_from_average': True, 'model_size_reg': 0.5, 'pool_metainfo_options': {'tags': {}}, 'subsample': 0.800000011920929, 'use_best_model': False, 'random_seed': 8238, 'depth': 6, 'posterior_sampling': False, 'border_count': 254, 'classes_count': 0, 'auto_class_weights': 'None', 'sparse_features_conflict_fraction': 0, 'leaf_estimation_backtracking': 'AnyImprovement', 'best_model_min_trees': 1, 'model_shrink_rate': 0, 'min_data_in_leaf': 1, 'loss_function': 'RMSE', 'learning_rate': 0.05584700033068657, 'score_function': 'Cosine', 'task_type': 'CPU', 'leaf_estimation_iterations': 1, 'bootstrap_type': 'MVS', 'max_leaves': 64}
2021-06-22 19:31:46,537:INFO:Initializing predict_model()
2021-06-22 19:31:46,537:INFO:predict_model(estimator=<catboost.core.CatBoostRegressor object at 0x000001897A6672B0>, probability_threshold=None, encoded_labels=False, round=4, verbose=False, ml_usecase=None, display=None)
2021-06-22 19:31:46,537:INFO:Checking exceptions
2021-06-22 19:31:46,537:INFO:Preloading libraries
2021-06-22 19:31:53,660:INFO:Uploading results into container
2021-06-22 19:31:53,660:INFO:Uploading model into container now
2021-06-22 19:31:53,780:INFO:create_model_container: 21
2021-06-22 19:31:53,784:INFO:master_model_container: 21
2021-06-22 19:31:53,785:INFO:display_container: 3
2021-06-22 19:31:53,785:INFO:<catboost.core.CatBoostRegressor object at 0x000001897A6672B0>
2021-06-22 19:31:53,785:INFO:create_model() succesfully completed......................................
2021-06-22 19:35:51,702:INFO:Initializing tune_model()
2021-06-22 19:35:51,702:INFO:tune_model(estimator=<catboost.core.CatBoostRegressor object at 0x000001897A6672B0>, fold=5, round=4, n_iter=10, custom_grid=None, optimize=R2, custom_scorer=None, search_library=scikit-learn, search_algorithm=None, early_stopping=False, early_stopping_max_iters=10, choose_better=False, fit_kwargs=None, groups=None, return_tuner=False, verbose=True, tuner_verbose=True, display=None, kwargs={})
2021-06-22 19:35:51,702:INFO:Checking exceptions
2021-06-22 19:35:51,702:INFO:Preparing display monitor
2021-06-22 19:35:51,950:INFO:Copying training dataset
2021-06-22 19:35:51,950:INFO:Checking base model
2021-06-22 19:35:51,950:INFO:Base model : CatBoost Regressor
2021-06-22 19:35:51,956:INFO:Declaring metric variables
2021-06-22 19:35:51,972:INFO:Defining Hyperparameters
2021-06-22 19:35:55,178:INFO:Tuning with n_jobs=-1
2021-06-22 19:35:55,178:INFO:Initializing RandomizedSearchCV
2021-06-22 19:36:29,418:INFO:best_params: {'actual_estimator__random_strength': 0.5, 'actual_estimator__n_estimators': 260, 'actual_estimator__l2_leaf_reg': 3, 'actual_estimator__depth': 5}
2021-06-22 19:36:29,418:INFO:Random search completed
2021-06-22 19:36:29,418:INFO:SubProcess create_model() called ==================================
2021-06-22 19:36:29,418:INFO:Initializing create_model()
2021-06-22 19:36:29,418:INFO:create_model(estimator=<catboost.core.CatBoostRegressor object at 0x00000189037197F0>, fold=KFold(n_splits=5, random_state=8238, shuffle=False), round=4, cross_validation=True, predict=True, fit_kwargs={}, groups=None, refit=True, verbose=True, system=False, metrics=None, display=<pycaret.internal.Display.Display object at 0x00000189057F04F0>, kwargs={'random_strength': 0.5, 'n_estimators': 260, 'l2_leaf_reg': 3, 'depth': 5})
2021-06-22 19:36:29,418:INFO:Checking exceptions
2021-06-22 19:36:29,418:INFO:Importing libraries
2021-06-22 19:36:29,418:INFO:Copying training dataset
2021-06-22 19:36:29,418:INFO:Defining folds
2021-06-22 19:36:29,418:INFO:Declaring metric variables
2021-06-22 19:36:29,418:INFO:Importing untrained model
2021-06-22 19:36:29,434:INFO:Declaring custom model
2021-06-22 19:36:29,434:INFO:CatBoost Regressor Imported succesfully
2021-06-22 19:36:29,450:INFO:Starting cross validation
2021-06-22 19:36:29,450:INFO:Cross validating with KFold(n_splits=5, random_state=8238, shuffle=False), n_jobs=-1
2021-06-22 19:36:32,057:INFO:Calculating mean and std
2021-06-22 19:36:32,057:INFO:Creating metrics dataframe
2021-06-22 19:36:32,079:INFO:Finalizing model
2021-06-22 19:36:33,761:INFO:Uploading results into container
2021-06-22 19:36:33,761:INFO:Uploading model into container now
2021-06-22 19:36:33,761:INFO:create_model_container: 22
2021-06-22 19:36:33,761:INFO:master_model_container: 22
2021-06-22 19:36:33,761:INFO:display_container: 4
2021-06-22 19:36:33,761:INFO:<catboost.core.CatBoostRegressor object at 0x000001890384BD60>
2021-06-22 19:36:33,761:INFO:create_model() succesfully completed......................................
2021-06-22 19:36:37,209:INFO:SubProcess create_model() end ==================================
2021-06-22 19:36:37,209:INFO:Creating MLFlow logs
2021-06-22 19:36:37,309:INFO:Model: CatBoost Regressor
2021-06-22 19:36:37,457:INFO:logged params: {'nan_mode': 'Min', 'eval_metric': 'RMSE', 'iterations': 260, 'sampling_frequency': 'PerTree', 'leaf_estimation_method': 'Newton', 'grow_policy': 'SymmetricTree', 'penalties_coefficient': 1, 'boosting_type': 'Plain', 'model_shrink_mode': 'Constant', 'feature_border_type': 'GreedyLogSum', 'bayesian_matrix_reg': 0.10000000149011612, 'l2_leaf_reg': 3, 'random_strength': 0.5, 'rsm': 1, 'boost_from_average': True, 'model_size_reg': 0.5, 'pool_metainfo_options': {'tags': {}}, 'subsample': 0.800000011920929, 'use_best_model': False, 'random_seed': 8238, 'depth': 5, 'posterior_sampling': False, 'border_count': 254, 'classes_count': 0, 'auto_class_weights': 'None', 'sparse_features_conflict_fraction': 0, 'leaf_estimation_backtracking': 'AnyImprovement', 'best_model_min_trees': 1, 'model_shrink_rate': 0, 'min_data_in_leaf': 1, 'loss_function': 'RMSE', 'learning_rate': 0.029999999329447743, 'score_function': 'Cosine', 'task_type': 'CPU', 'leaf_estimation_iterations': 1, 'bootstrap_type': 'MVS', 'max_leaves': 32}
2021-06-22 19:36:38,343:INFO:Initializing predict_model()
2021-06-22 19:36:38,343:INFO:predict_model(estimator=<catboost.core.CatBoostRegressor object at 0x000001890384BD60>, probability_threshold=None, encoded_labels=False, round=4, verbose=False, ml_usecase=None, display=None)
2021-06-22 19:36:38,343:INFO:Checking exceptions
2021-06-22 19:36:38,343:INFO:Preloading libraries
2021-06-22 19:36:45,131:INFO:create_model_container: 22
2021-06-22 19:36:45,131:INFO:master_model_container: 22
2021-06-22 19:36:45,131:INFO:display_container: 4
2021-06-22 19:36:45,131:INFO:<catboost.core.CatBoostRegressor object at 0x000001890384BD60>
2021-06-22 19:36:45,131:INFO:tune_model() succesfully completed......................................
2021-06-22 19:37:34,217:INFO:Initializing plot_model()
2021-06-22 19:37:34,217:INFO:plot_model(plot=residuals, fold=None, verbose=True, display=None, estimator=<catboost.core.CatBoostRegressor object at 0x000001897A6672B0>, feature_name=None, fit_kwargs=None, groups=None, label=False, save=False, scale=1, system=True)
2021-06-22 19:37:34,217:INFO:Checking exceptions
2021-06-22 19:37:34,217:INFO:Preparing display monitor
2021-06-22 19:37:34,233:INFO:Preloading libraries
2021-06-22 19:37:34,386:INFO:Copying training dataset
2021-06-22 19:37:34,402:INFO:Copying test dataset
2021-06-22 19:37:34,402:INFO:Plot type: residuals
2021-06-22 19:37:40,789:INFO:Fitting Model
2021-06-22 19:37:41,692:INFO:Scoring test/hold-out set
2021-06-22 19:37:48,796:INFO:Visual Rendered Successfully
2021-06-22 19:37:51,952:INFO:plot_model() succesfully completed......................................
2021-06-22 19:38:38,757:INFO:Initializing plot_model()
2021-06-22 19:38:38,757:INFO:plot_model(plot=error, fold=None, verbose=True, display=None, estimator=<catboost.core.CatBoostRegressor object at 0x000001897A6672B0>, feature_name=None, fit_kwargs=None, groups=None, label=False, save=False, scale=1, system=True)
2021-06-22 19:38:38,757:INFO:Checking exceptions
2021-06-22 19:38:38,757:INFO:Preparing display monitor
2021-06-22 19:38:38,773:INFO:Preloading libraries
2021-06-22 19:38:38,873:INFO:Copying training dataset
2021-06-22 19:38:38,889:INFO:Copying test dataset
2021-06-22 19:38:38,889:INFO:Plot type: error
2021-06-22 19:38:38,889:INFO:Fitting Model
2021-06-22 19:38:38,889:INFO:Scoring test/hold-out set
2021-06-22 19:38:48,739:INFO:Visual Rendered Successfully
2021-06-22 19:38:51,848:INFO:plot_model() succesfully completed......................................
2021-06-22 19:41:05,496:INFO:Initializing plot_model()
2021-06-22 19:41:05,496:INFO:plot_model(plot=feature, fold=None, verbose=True, display=None, estimator=<catboost.core.CatBoostRegressor object at 0x000001897A6672B0>, feature_name=None, fit_kwargs=None, groups=None, label=False, save=False, scale=1, system=True)
2021-06-22 19:41:05,496:INFO:Checking exceptions
2021-06-22 19:41:05,496:INFO:Preparing display monitor
2021-06-22 19:41:05,512:INFO:Preloading libraries
2021-06-22 19:41:05,550:INFO:Copying training dataset
2021-06-22 19:41:05,550:INFO:Copying test dataset
2021-06-22 19:41:05,550:INFO:Plot type: feature
2021-06-22 19:41:05,550:WARNING:No coef_ found. Trying feature_importances_
2021-06-22 19:41:06,036:INFO:Visual Rendered Successfully
2021-06-22 19:41:09,189:INFO:plot_model() succesfully completed......................................
2021-06-22 19:41:36,200:INFO:Initializing finalize_model()
2021-06-22 19:41:36,200:INFO:finalize_model(estimator=<catboost.core.CatBoostRegressor object at 0x000001897A6672B0>, fit_kwargs=None, groups=None, model_only=True, display=None)
2021-06-22 19:41:36,200:INFO:Finalizing <catboost.core.CatBoostRegressor object at 0x000001897A6672B0>
2021-06-22 19:41:36,200:INFO:Initializing create_model()
2021-06-22 19:41:36,200:INFO:create_model(estimator=<catboost.core.CatBoostRegressor object at 0x000001897A6672B0>, fold=None, round=4, cross_validation=True, predict=True, fit_kwargs={}, groups=None, refit=True, verbose=False, system=False, metrics=None, display=None, kwargs={})
2021-06-22 19:41:36,200:INFO:Checking exceptions
2021-06-22 19:41:36,200:INFO:Importing libraries
2021-06-22 19:41:36,200:INFO:Copying training dataset
2021-06-22 19:41:36,270:INFO:Defining folds
2021-06-22 19:41:36,270:INFO:Declaring metric variables
2021-06-22 19:41:36,270:INFO:Importing untrained model
2021-06-22 19:41:36,270:INFO:Declaring custom model
2021-06-22 19:41:36,270:INFO:CatBoost Regressor Imported succesfully
2021-06-22 19:41:36,270:INFO:Starting cross validation
2021-06-22 19:41:36,270:INFO:Cross validating with KFold(n_splits=10, random_state=8238, shuffle=False), n_jobs=-1
2021-06-22 19:42:27,925:INFO:Calculating mean and std
2021-06-22 19:42:27,929:INFO:Creating metrics dataframe
2021-06-22 19:42:27,933:INFO:Finalizing model
2021-06-22 19:42:31,556:INFO:Uploading results into container
2021-06-22 19:42:31,556:INFO:Uploading model into container now
2021-06-22 19:42:31,556:INFO:create_model_container: 23
2021-06-22 19:42:31,556:INFO:master_model_container: 23
2021-06-22 19:42:31,556:INFO:display_container: 5
2021-06-22 19:42:31,556:INFO:<catboost.core.CatBoostRegressor object at 0x0000018903554A30>
2021-06-22 19:42:31,556:INFO:create_model() succesfully completed......................................
2021-06-22 19:42:34,677:INFO:Creating MLFlow logs
2021-06-22 19:42:34,677:INFO:Model: CatBoost Regressor
2021-06-22 19:42:34,715:INFO:logged params: {'nan_mode': 'Min', 'eval_metric': 'RMSE', 'iterations': 1000, 'sampling_frequency': 'PerTree', 'leaf_estimation_method': 'Newton', 'grow_policy': 'SymmetricTree', 'penalties_coefficient': 1, 'boosting_type': 'Plain', 'model_shrink_mode': 'Constant', 'feature_border_type': 'GreedyLogSum', 'bayesian_matrix_reg': 0.10000000149011612, 'l2_leaf_reg': 3, 'random_strength': 1, 'rsm': 1, 'boost_from_average': True, 'model_size_reg': 0.5, 'pool_metainfo_options': {'tags': {}}, 'subsample': 0.800000011920929, 'use_best_model': False, 'random_seed': 8238, 'depth': 6, 'posterior_sampling': False, 'border_count': 254, 'classes_count': 0, 'auto_class_weights': 'None', 'sparse_features_conflict_fraction': 0, 'leaf_estimation_backtracking': 'AnyImprovement', 'best_model_min_trees': 1, 'model_shrink_rate': 0, 'min_data_in_leaf': 1, 'loss_function': 'RMSE', 'learning_rate': 0.05950799956917763, 'score_function': 'Cosine', 'task_type': 'CPU', 'leaf_estimation_iterations': 1, 'bootstrap_type': 'MVS', 'max_leaves': 64}
2021-06-22 19:42:35,031:INFO:Initializing predict_model()
2021-06-22 19:42:35,031:INFO:predict_model(estimator=<catboost.core.CatBoostRegressor object at 0x0000018903554A30>, probability_threshold=None, encoded_labels=False, round=4, verbose=False, ml_usecase=None, display=None)
2021-06-22 19:42:35,031:INFO:Checking exceptions
2021-06-22 19:42:35,031:INFO:Preloading libraries
2021-06-22 19:42:41,281:INFO:create_model_container: 23
2021-06-22 19:42:41,281:INFO:master_model_container: 23
2021-06-22 19:42:41,281:INFO:display_container: 4
2021-06-22 19:42:41,281:INFO:<catboost.core.CatBoostRegressor object at 0x0000018903554A30>
2021-06-22 19:42:41,281:INFO:finalize_model() succesfully completed......................................
2021-06-22 19:42:44,406:INFO:Initializing save_model()
2021-06-22 19:42:44,406:INFO:save_model(model=<catboost.core.CatBoostRegressor object at 0x0000018903554A30>, model_name=modelo-final, prep_pipe_=Pipeline(memory=None,
         steps=[('dtypes',
                 DataTypes_Auto_infer(categorical_features=[],
                                      display_types=True, features_todrop=[],
                                      id_columns=[], ml_usecase='regression',
                                      numerical_features=['num_quartos',
                                                          'num_banheiros',
                                                          'garagem',
                                                          'num_andares',
                                                          'aceita_animais',
                                                          'mobilia'],
                                      target='valor_aluguel',
                                      time_features=[])),
                ('imputer',
                 Simple_Imputer(categorical_strategy=...
                ('scaling', 'passthrough'), ('P_transform', 'passthrough'),
                ('binn', 'passthrough'), ('rem_outliers', 'passthrough'),
                ('cluster_all', 'passthrough'),
                ('dummy', Dummify(target='valor_aluguel')),
                ('fix_perfect', Remove_100(target='valor_aluguel')),
                ('clean_names', Clean_Colum_Names()),
                ('feature_select', 'passthrough'), ('fix_multi', 'passthrough'),
                ('dfs', 'passthrough'), ('pca', 'passthrough')],
         verbose=False), verbose=True)
2021-06-22 19:42:44,406:INFO:Adding model into prep_pipe
2021-06-22 19:42:44,421:INFO:modelo-final.pkl saved in current working directory
2021-06-22 19:42:44,437:INFO:Pipeline(memory=None,
         steps=[('dtypes',
                 DataTypes_Auto_infer(categorical_features=[],
                                      display_types=True, features_todrop=[],
                                      id_columns=[], ml_usecase='regression',
                                      numerical_features=['num_quartos',
                                                          'num_banheiros',
                                                          'garagem',
                                                          'num_andares',
                                                          'aceita_animais',
                                                          'mobilia'],
                                      target='valor_aluguel',
                                      time_features=[])),
                ('imputer',
                 Simple_Imputer(categorical_strategy=...
                ('cluster_all', 'passthrough'),
                ('dummy', Dummify(target='valor_aluguel')),
                ('fix_perfect', Remove_100(target='valor_aluguel')),
                ('clean_names', Clean_Colum_Names()),
                ('feature_select', 'passthrough'), ('fix_multi', 'passthrough'),
                ('dfs', 'passthrough'), ('pca', 'passthrough'),
                ['trained_model',
                 <catboost.core.CatBoostRegressor object at 0x0000018903554A30>]],
         verbose=False)
2021-06-22 19:42:44,437:INFO:save_model() succesfully completed......................................
2021-06-22 19:42:44,490:INFO:Initializing save_model()
2021-06-22 19:42:44,490:INFO:save_model(model=<catboost.core.CatBoostRegressor object at 0x0000018903554A30>, model_name=modelo-final, prep_pipe_=Pipeline(memory=None,
         steps=[('dtypes',
                 DataTypes_Auto_infer(categorical_features=[],
                                      display_types=True, features_todrop=[],
                                      id_columns=[], ml_usecase='regression',
                                      numerical_features=['num_quartos',
                                                          'num_banheiros',
                                                          'garagem',
                                                          'num_andares',
                                                          'aceita_animais',
                                                          'mobilia'],
                                      target='valor_aluguel',
                                      time_features=[])),
                ('imputer',
                 Simple_Imputer(categorical_strategy=...
                ('scaling', 'passthrough'), ('P_transform', 'passthrough'),
                ('binn', 'passthrough'), ('rem_outliers', 'passthrough'),
                ('cluster_all', 'passthrough'),
                ('dummy', Dummify(target='valor_aluguel')),
                ('fix_perfect', Remove_100(target='valor_aluguel')),
                ('clean_names', Clean_Colum_Names()),
                ('feature_select', 'passthrough'), ('fix_multi', 'passthrough'),
                ('dfs', 'passthrough'), ('pca', 'passthrough')],
         verbose=False), verbose=True)
2021-06-22 19:42:44,544:INFO:Adding model into prep_pipe
2021-06-22 19:42:44,622:INFO:modelo-final.pkl saved in current working directory
2021-06-22 19:42:44,622:INFO:Pipeline(memory=None,
         steps=[('dtypes',
                 DataTypes_Auto_infer(categorical_features=[],
                                      display_types=True, features_todrop=[],
                                      id_columns=[], ml_usecase='regression',
                                      numerical_features=['num_quartos',
                                                          'num_banheiros',
                                                          'garagem',
                                                          'num_andares',
                                                          'aceita_animais',
                                                          'mobilia'],
                                      target='valor_aluguel',
                                      time_features=[])),
                ('imputer',
                 Simple_Imputer(categorical_strategy=...
                ('cluster_all', 'passthrough'),
                ('dummy', Dummify(target='valor_aluguel')),
                ('fix_perfect', Remove_100(target='valor_aluguel')),
                ('clean_names', Clean_Colum_Names()),
                ('feature_select', 'passthrough'), ('fix_multi', 'passthrough'),
                ('dfs', 'passthrough'), ('pca', 'passthrough'),
                ['trained_model',
                 <catboost.core.CatBoostRegressor object at 0x0000018903554A30>]],
         verbose=False)
2021-06-22 19:42:44,622:INFO:save_model() succesfully completed......................................
2021-06-22 19:42:49,851:INFO:Initializing load_model()
2021-06-22 19:42:49,851:INFO:load_model(model_name=modelo-final, platform=None, authentication=None, verbose=True)
2021-06-22 19:42:55,904:INFO:Initializing predict_model()
2021-06-22 19:42:55,904:INFO:predict_model(estimator=Pipeline(memory=None,
         steps=[('dtypes',
                 DataTypes_Auto_infer(categorical_features=[],
                                      display_types=True, features_todrop=[],
                                      id_columns=[], ml_usecase='regression',
                                      numerical_features=['num_quartos',
                                                          'num_banheiros',
                                                          'garagem',
                                                          'num_andares',
                                                          'aceita_animais',
                                                          'mobilia'],
                                      target='valor_aluguel',
                                      time_features=[])),
                ('imputer',
                 Simple_Imputer(categorical_strategy=...
                ('cluster_all', 'passthrough'),
                ('dummy', Dummify(target='valor_aluguel')),
                ('fix_perfect', Remove_100(target='valor_aluguel')),
                ('clean_names', Clean_Colum_Names()),
                ('feature_select', 'passthrough'), ('fix_multi', 'passthrough'),
                ('dfs', 'passthrough'), ('pca', 'passthrough'),
                ['trained_model',
                 <catboost.core.CatBoostRegressor object at 0x0000018906C28D90>]],
         verbose=False), probability_threshold=None, encoded_labels=True, round=4, verbose=True, ml_usecase=MLUsecase.REGRESSION, display=None)
2021-06-22 19:42:55,904:INFO:Checking exceptions
2021-06-22 19:42:55,904:INFO:Preloading libraries
2021-06-22 19:42:55,904:INFO:Preparing display monitor
2021-06-22 19:43:23,329:INFO:Initializing predict_model()
2021-06-22 19:43:23,329:INFO:predict_model(estimator=Pipeline(memory=None,
         steps=[('dtypes',
                 DataTypes_Auto_infer(categorical_features=[],
                                      display_types=True, features_todrop=[],
                                      id_columns=[], ml_usecase='regression',
                                      numerical_features=['num_quartos',
                                                          'num_banheiros',
                                                          'garagem',
                                                          'num_andares',
                                                          'aceita_animais',
                                                          'mobilia'],
                                      target='valor_aluguel',
                                      time_features=[])),
                ('imputer',
                 Simple_Imputer(categorical_strategy=...
                ('cluster_all', 'passthrough'),
                ('dummy', Dummify(target='valor_aluguel')),
                ('fix_perfect', Remove_100(target='valor_aluguel')),
                ('clean_names', Clean_Colum_Names()),
                ('feature_select', 'passthrough'), ('fix_multi', 'passthrough'),
                ('dfs', 'passthrough'), ('pca', 'passthrough'),
                ['trained_model',
                 <catboost.core.CatBoostRegressor object at 0x0000018906C28D90>]],
         verbose=False), probability_threshold=None, encoded_labels=True, round=4, verbose=True, ml_usecase=MLUsecase.REGRESSION, display=None)
2021-06-22 19:43:23,329:INFO:Checking exceptions
2021-06-22 19:43:23,329:INFO:Preloading libraries
2021-06-22 19:43:23,329:INFO:Preparing display monitor
